{
  "timestamp" : "2021-03-24T22:03:32",
  "level" : "INFO",
  "thread" : "http-nio-8090-exec-5",
  "logger" : "com.kakaobank.out.errlog.ErrLog",
  "message" : "{\"bizout\":{\"isSucc\":false},\"biz\":{\"outputData\":\"OUTDATA\",\"inputData\":\"INDATA\",\"service\":\"testService\"},\"common\":{\"responseType\":\"ER\",\"requestType\":\"R\",\"guid\":\"2021-whw22yjuce\",\"trxDatetim\":\"2021-03-24 22:03:32\"}}",
  "context" : "default"
}
{
  "timestamp" : "2021-03-24T22:03:32",
  "level" : "INFO",
  "thread" : "http-nio-8090-exec-6",
  "logger" : "com.kakaobank.out.errlog.ErrLog",
  "message" : "{\"bizout\":{\"isSucc\":false},\"biz\":{\"outputData\":\"OUTDATA\",\"inputData\":\"INDATA\",\"service\":\"testService\"},\"common\":{\"responseType\":\"ER\",\"requestType\":\"R\",\"guid\":\"2021-qnyav5zhewh\",\"trxDatetim\":\"2021-03-24 22:03:32\"}}",
  "context" : "default"
}
{
  "timestamp" : "2021-03-24T22:03:33",
  "level" : "INFO",
  "thread" : "http-nio-8090-exec-7",
  "logger" : "com.kakaobank.out.errlog.ErrLog",
  "message" : "{\"bizout\":{\"isSucc\":false},\"biz\":{\"outputData\":\"OUTDATA\",\"inputData\":\"INDATA\",\"service\":\"testService\"},\"common\":{\"responseType\":\"ER\",\"requestType\":\"R\",\"guid\":\"2021-zjb54s9ccy\",\"trxDatetim\":\"2021-03-24 22:03:33\"}}",
  "context" : "default"
}
{
  "timestamp" : "2021-03-24T22:03:33",
  "level" : "INFO",
  "thread" : "http-nio-8090-exec-8",
  "logger" : "com.kakaobank.out.errlog.ErrLog",
  "message" : "{\"bizout\":{\"isSucc\":false},\"biz\":{\"outputData\":\"OUTDATA\",\"inputData\":\"INDATA\",\"service\":\"testService\"},\"common\":{\"responseType\":\"ER\",\"requestType\":\"R\",\"guid\":\"2021-p2n47ha9x6h\",\"trxDatetim\":\"2021-03-24 22:03:33\"}}",
  "context" : "default"
}
{
  "timestamp" : "2021-03-24T22:03:33",
  "level" : "INFO",
  "thread" : "http-nio-8090-exec-10",
  "logger" : "com.kakaobank.out.errlog.ErrLog",
  "message" : "{\"bizout\":{\"isSucc\":false},\"biz\":{\"outputData\":\"OUTDATA\",\"inputData\":\"INDATA\",\"service\":\"testService\"},\"common\":{\"responseType\":\"ER\",\"requestType\":\"R\",\"guid\":\"2021-amum16du7w7\",\"trxDatetim\":\"2021-03-24 22:03:33\"}}",
  "context" : "default"
}
{
  "timestamp" : "2021-03-24T22:03:33",
  "level" : "INFO",
  "thread" : "http-nio-8090-exec-1",
  "logger" : "com.kakaobank.out.errlog.ErrLog",
  "message" : "{\"bizout\":{\"isSucc\":false},\"biz\":{\"outputData\":\"OUTDATA\",\"inputData\":\"INDATA\",\"service\":\"testService\"},\"common\":{\"responseType\":\"ER\",\"requestType\":\"R\",\"guid\":\"2021-qg7t31cnfpd\",\"trxDatetim\":\"2021-03-24 22:03:33\"}}",
  "context" : "default"
}
{
  "timestamp" : "2021-03-24T22:03:34",
  "level" : "INFO",
  "thread" : "http-nio-8090-exec-5",
  "logger" : "com.kakaobank.out.errlog.ErrLog",
  "message" : "{\"bizout\":{\"isSucc\":false},\"biz\":{\"outputData\":\"OUTDATA\",\"inputData\":\"INDATA\",\"service\":\"testService\"},\"common\":{\"responseType\":\"ER\",\"requestType\":\"R\",\"guid\":\"2021-q123o6sts1o\",\"trxDatetim\":\"2021-03-24 22:03:34\"}}",
  "context" : "default"
}
{
  "timestamp" : "2021-03-24T22:03:34",
  "level" : "INFO",
  "thread" : "http-nio-8090-exec-7",
  "logger" : "com.kakaobank.out.errlog.ErrLog",
  "message" : "{\"bizout\":{\"isSucc\":false},\"biz\":{\"outputData\":\"OUTDATA\",\"inputData\":\"INDATA\",\"service\":\"testService\"},\"common\":{\"responseType\":\"ER\",\"requestType\":\"R\",\"guid\":\"2021-46bnn7a0125\",\"trxDatetim\":\"2021-03-24 22:03:34\"}}",
  "context" : "default"
}
{
  "timestamp" : "2021-03-24T22:03:34",
  "level" : "INFO",
  "thread" : "http-nio-8090-exec-9",
  "logger" : "com.kakaobank.out.errlog.ErrLog",
  "message" : "{\"bizout\":{\"isSucc\":false},\"biz\":{\"outputData\":\"OUTDATA\",\"inputData\":\"INDATA\",\"service\":\"testService\"},\"common\":{\"responseType\":\"ER\",\"requestType\":\"R\",\"guid\":\"2021-7viowz35pcq\",\"trxDatetim\":\"2021-03-24 22:03:34\"}}",
  "context" : "default"
}
{
  "timestamp" : "2021-03-24T22:03:35",
  "level" : "INFO",
  "thread" : "http-nio-8090-exec-10",
  "logger" : "com.kakaobank.out.errlog.ErrLog",
  "message" : "{\"bizout\":{\"isSucc\":false},\"biz\":{\"outputData\":\"OUTDATA\",\"inputData\":\"INDATA\",\"service\":\"testService\"},\"common\":{\"responseType\":\"ER\",\"requestType\":\"R\",\"guid\":\"2021-4hrtyh0meqf\",\"trxDatetim\":\"2021-03-24 22:03:35\"}}",
  "context" : "default"
}
{
  "timestamp" : "2021-03-24T22:03:35",
  "level" : "INFO",
  "thread" : "http-nio-8090-exec-2",
  "logger" : "com.kakaobank.out.errlog.ErrLog",
  "message" : "{\"bizout\":{\"isSucc\":false},\"biz\":{\"outputData\":\"OUTDATA\",\"inputData\":\"INDATA\",\"service\":\"testService\"},\"common\":{\"responseType\":\"ER\",\"requestType\":\"R\",\"guid\":\"2021-ei98ox85orj\",\"trxDatetim\":\"2021-03-24 22:03:35\"}}",
  "context" : "default"
}
{
  "timestamp" : "2021-03-24T22:03:36",
  "level" : "INFO",
  "thread" : "http-nio-8090-exec-4",
  "logger" : "com.kakaobank.out.errlog.ErrLog",
  "message" : "{\"bizout\":{\"isSucc\":false},\"biz\":{\"outputData\":\"OUTDATA\",\"inputData\":\"INDATA\",\"service\":\"testService\"},\"common\":{\"responseType\":\"ER\",\"requestType\":\"R\",\"guid\":\"2021-5ezzko89zk\",\"trxDatetim\":\"2021-03-24 22:03:36\"}}",
  "context" : "default"
}
{
  "timestamp" : "2021-03-24T22:03:36",
  "level" : "INFO",
  "thread" : "http-nio-8090-exec-5",
  "logger" : "com.kakaobank.out.errlog.ErrLog",
  "message" : "{\"bizout\":{\"isSucc\":false},\"biz\":{\"outputData\":\"OUTDATA\",\"inputData\":\"INDATA\",\"service\":\"testService\"},\"common\":{\"responseType\":\"ER\",\"requestType\":\"R\",\"guid\":\"2021-q9xuld83n5\",\"trxDatetim\":\"2021-03-24 22:03:36\"}}",
  "context" : "default"
}
{
  "timestamp" : "2021-03-24T22:03:37",
  "level" : "INFO",
  "thread" : "http-nio-8090-exec-9",
  "logger" : "com.kakaobank.out.errlog.ErrLog",
  "message" : "{\"bizout\":{\"isSucc\":false},\"biz\":{\"outputData\":\"OUTDATA\",\"inputData\":\"INDATA\",\"service\":\"testService\"},\"common\":{\"responseType\":\"ER\",\"requestType\":\"R\",\"guid\":\"2021-27yy52ifam3\",\"trxDatetim\":\"2021-03-24 22:03:37\"}}",
  "context" : "default"
}
{
  "timestamp" : "2021-03-24T22:03:37",
  "level" : "INFO",
  "thread" : "http-nio-8090-exec-1",
  "logger" : "com.kakaobank.out.errlog.ErrLog",
  "message" : "{\"bizout\":{\"isSucc\":false},\"biz\":{\"outputData\":\"OUTDATA\",\"inputData\":\"INDATA\",\"service\":\"testService\"},\"common\":{\"responseType\":\"ER\",\"requestType\":\"R\",\"guid\":\"2021-6zvpnmo9cz\",\"trxDatetim\":\"2021-03-24 22:03:37\"}}",
  "context" : "default"
}
{
  "timestamp" : "2021-03-24T22:03:37",
  "level" : "INFO",
  "thread" : "http-nio-8090-exec-4",
  "logger" : "com.kakaobank.out.errlog.ErrLog",
  "message" : "{\"bizout\":{\"isSucc\":false},\"biz\":{\"outputData\":\"OUTDATA\",\"inputData\":\"INDATA\",\"service\":\"testService\"},\"common\":{\"responseType\":\"ER\",\"requestType\":\"R\",\"guid\":\"2021-cdihgwosza6\",\"trxDatetim\":\"2021-03-24 22:03:37\"}}",
  "context" : "default"
}
{
  "timestamp" : "2021-03-24T22:03:38",
  "level" : "INFO",
  "thread" : "http-nio-8090-exec-6",
  "logger" : "com.kakaobank.out.errlog.ErrLog",
  "message" : "{\"bizout\":{\"isSucc\":false},\"biz\":{\"outputData\":\"OUTDATA\",\"inputData\":\"INDATA\",\"service\":\"testService\"},\"common\":{\"responseType\":\"ER\",\"requestType\":\"R\",\"guid\":\"2021-v6lomytj56e\",\"trxDatetim\":\"2021-03-24 22:03:38\"}}",
  "context" : "default"
}
{
  "timestamp" : "2021-03-24T22:03:38",
  "level" : "INFO",
  "thread" : "http-nio-8090-exec-7",
  "logger" : "com.kakaobank.out.errlog.ErrLog",
  "message" : "{\"bizout\":{\"isSucc\":false},\"biz\":{\"outputData\":\"OUTDATA\",\"inputData\":\"INDATA\",\"service\":\"testService\"},\"common\":{\"responseType\":\"ER\",\"requestType\":\"R\",\"guid\":\"2021-d1zhhhx99r\",\"trxDatetim\":\"2021-03-24 22:03:38\"}}",
  "context" : "default"
}
{
  "timestamp" : "2021-03-24T22:03:39",
  "level" : "INFO",
  "thread" : "http-nio-8090-exec-1",
  "logger" : "com.kakaobank.out.errlog.ErrLog",
  "message" : "{\"bizout\":{\"isSucc\":false},\"biz\":{\"outputData\":\"OUTDATA\",\"inputData\":\"INDATA\",\"service\":\"testService\"},\"common\":{\"responseType\":\"ER\",\"requestType\":\"R\",\"guid\":\"2021-s6vqsabyfxl\",\"trxDatetim\":\"2021-03-24 22:03:39\"}}",
  "context" : "default"
}
{
  "timestamp" : "2021-03-24T22:03:39",
  "level" : "INFO",
  "thread" : "http-nio-8090-exec-2",
  "logger" : "com.kakaobank.out.errlog.ErrLog",
  "message" : "{\"bizout\":{\"isSucc\":false},\"biz\":{\"outputData\":\"OUTDATA\",\"inputData\":\"INDATA\",\"service\":\"testService\"},\"common\":{\"responseType\":\"ER\",\"requestType\":\"R\",\"guid\":\"2021-e7lwbvvu0ta\",\"trxDatetim\":\"2021-03-24 22:03:39\"}}",
  "context" : "default"
}
{
  "timestamp" : "2021-03-24T22:03:39",
  "level" : "INFO",
  "thread" : "http-nio-8090-exec-3",
  "logger" : "com.kakaobank.out.errlog.ErrLog",
  "message" : "{\"bizout\":{\"isSucc\":false},\"biz\":{\"outputData\":\"OUTDATA\",\"inputData\":\"INDATA\",\"service\":\"testService\"},\"common\":{\"responseType\":\"ER\",\"requestType\":\"R\",\"guid\":\"2021-bvnv4dkd06\",\"trxDatetim\":\"2021-03-24 22:03:39\"}}",
  "context" : "default"
}
{
  "timestamp" : "2021-03-24T22:03:45",
  "level" : "INFO",
  "thread" : "http-nio-8090-exec-5",
  "logger" : "com.kakaobank.out.errlog.ErrLog",
  "message" : "{\"bizout\":{\"isSucc\":false},\"biz\":{\"outputData\":\"OUTDATA\",\"inputData\":\"INDATA\",\"service\":\"testService\"},\"common\":{\"responseType\":\"ER\",\"requestType\":\"R\",\"guid\":\"2021-0gfh1kmuz9o\",\"trxDatetim\":\"2021-03-24 22:03:45\"}}",
  "context" : "default"
}
{
  "timestamp" : "2021-03-24T22:03:46",
  "level" : "INFO",
  "thread" : "http-nio-8090-exec-6",
  "logger" : "com.kakaobank.out.errlog.ErrLog",
  "message" : "{\"bizout\":{\"isSucc\":false},\"biz\":{\"outputData\":\"OUTDATA\",\"inputData\":\"INDATA\",\"service\":\"testService\"},\"common\":{\"responseType\":\"ER\",\"requestType\":\"R\",\"guid\":\"2021-dlhwj39xait\",\"trxDatetim\":\"2021-03-24 22:03:46\"}}",
  "context" : "default"
}
{
  "timestamp" : "2021-03-24T22:03:46",
  "level" : "INFO",
  "thread" : "http-nio-8090-exec-8",
  "logger" : "com.kakaobank.out.errlog.ErrLog",
  "message" : "{\"bizout\":{\"isSucc\":false},\"biz\":{\"outputData\":\"OUTDATA\",\"inputData\":\"INDATA\",\"service\":\"testService\"},\"common\":{\"responseType\":\"ER\",\"requestType\":\"R\",\"guid\":\"2021-hayn6hqpa9e\",\"trxDatetim\":\"2021-03-24 22:03:46\"}}",
  "context" : "default"
}
{
  "timestamp" : "2021-03-24T22:03:46",
  "level" : "INFO",
  "thread" : "http-nio-8090-exec-9",
  "logger" : "com.kakaobank.out.errlog.ErrLog",
  "message" : "{\"bizout\":{\"isSucc\":false},\"biz\":{\"outputData\":\"OUTDATA\",\"inputData\":\"INDATA\",\"service\":\"testService\"},\"common\":{\"responseType\":\"ER\",\"requestType\":\"R\",\"guid\":\"2021-zu61rrggohl\",\"trxDatetim\":\"2021-03-24 22:03:46\"}}",
  "context" : "default"
}
{
  "timestamp" : "2021-03-24T22:03:46",
  "level" : "INFO",
  "thread" : "http-nio-8090-exec-10",
  "logger" : "com.kakaobank.out.errlog.ErrLog",
  "message" : "{\"bizout\":{\"isSucc\":false},\"biz\":{\"outputData\":\"OUTDATA\",\"inputData\":\"INDATA\",\"service\":\"testService\"},\"common\":{\"responseType\":\"ER\",\"requestType\":\"R\",\"guid\":\"2021-o6kckdit02\",\"trxDatetim\":\"2021-03-24 22:03:46\"}}",
  "context" : "default"
}
{
  "timestamp" : "2021-03-24T22:04:46",
  "level" : "INFO",
  "thread" : "http-nio-8090-exec-2",
  "logger" : "com.kakaobank.out.errlog.ErrLog",
  "message" : "{\"bizout\":{\"isSucc\":false},\"biz\":{\"outputData\":\"OUTDATA\",\"inputData\":\"INDATA\",\"service\":\"testService\"},\"common\":{\"responseType\":\"ER\",\"requestType\":\"R\",\"guid\":\"2021-5e81cj4198c\",\"trxDatetim\":\"2021-03-24 22:04:46\"}}",
  "context" : "default"
}
{
  "timestamp" : "2021-03-24T22:04:47",
  "level" : "INFO",
  "thread" : "http-nio-8090-exec-3",
  "logger" : "com.kakaobank.out.errlog.ErrLog",
  "message" : "{\"bizout\":{\"isSucc\":false},\"biz\":{\"outputData\":\"OUTDATA\",\"inputData\":\"INDATA\",\"service\":\"testService\"},\"common\":{\"responseType\":\"ER\",\"requestType\":\"R\",\"guid\":\"2021-7t7bfntrs2m\",\"trxDatetim\":\"2021-03-24 22:04:47\"}}",
  "context" : "default"
}
{
  "timestamp" : "2021-03-24T22:04:48",
  "level" : "INFO",
  "thread" : "http-nio-8090-exec-4",
  "logger" : "com.kakaobank.out.errlog.ErrLog",
  "message" : "{\"bizout\":{\"isSucc\":false},\"biz\":{\"outputData\":\"OUTDATA\",\"inputData\":\"INDATA\",\"service\":\"testService\"},\"common\":{\"responseType\":\"ER\",\"requestType\":\"R\",\"guid\":\"2021-4wpkcbiuhyi\",\"trxDatetim\":\"2021-03-24 22:04:48\"}}",
  "context" : "default"
}
{
  "timestamp" : "2021-03-24T22:04:48",
  "level" : "INFO",
  "thread" : "http-nio-8090-exec-5",
  "logger" : "com.kakaobank.out.errlog.ErrLog",
  "message" : "{\"bizout\":{\"isSucc\":false},\"biz\":{\"outputData\":\"OUTDATA\",\"inputData\":\"INDATA\",\"service\":\"testService\"},\"common\":{\"responseType\":\"ER\",\"requestType\":\"R\",\"guid\":\"2021-4rcswzwfs64\",\"trxDatetim\":\"2021-03-24 22:04:48\"}}",
  "context" : "default"
}
{
  "timestamp" : "2021-03-24T22:04:49",
  "level" : "INFO",
  "thread" : "http-nio-8090-exec-7",
  "logger" : "com.kakaobank.out.errlog.ErrLog",
  "message" : "{\"bizout\":{\"isSucc\":false},\"biz\":{\"outputData\":\"OUTDATA\",\"inputData\":\"INDATA\",\"service\":\"testService\"},\"common\":{\"responseType\":\"ER\",\"requestType\":\"R\",\"guid\":\"2021-r0q3ysieikb\",\"trxDatetim\":\"2021-03-24 22:04:49\"}}",
  "context" : "default"
}
{
  "timestamp" : "2021-03-24T22:04:50",
  "level" : "INFO",
  "thread" : "http-nio-8090-exec-10",
  "logger" : "com.kakaobank.out.errlog.ErrLog",
  "message" : "{\"bizout\":{\"isSucc\":false},\"biz\":{\"outputData\":\"OUTDATA\",\"inputData\":\"INDATA\",\"service\":\"testService\"},\"common\":{\"responseType\":\"ER\",\"requestType\":\"R\",\"guid\":\"2021-n355dj9gh9\",\"trxDatetim\":\"2021-03-24 22:04:50\"}}",
  "context" : "default"
}
{
  "timestamp" : "2021-03-24T22:04:51",
  "level" : "INFO",
  "thread" : "http-nio-8090-exec-3",
  "logger" : "com.kakaobank.out.errlog.ErrLog",
  "message" : "{\"bizout\":{\"isSucc\":false},\"biz\":{\"outputData\":\"OUTDATA\",\"inputData\":\"INDATA\",\"service\":\"testService\"},\"common\":{\"responseType\":\"ER\",\"requestType\":\"R\",\"guid\":\"2021-ytyv9nihdkl\",\"trxDatetim\":\"2021-03-24 22:04:51\"}}",
  "context" : "default"
}
{
  "timestamp" : "2021-03-24T22:04:52",
  "level" : "INFO",
  "thread" : "http-nio-8090-exec-5",
  "logger" : "com.kakaobank.out.errlog.ErrLog",
  "message" : "{\"bizout\":{\"isSucc\":false},\"biz\":{\"outputData\":\"OUTDATA\",\"inputData\":\"INDATA\",\"service\":\"testService\"},\"common\":{\"responseType\":\"ER\",\"requestType\":\"R\",\"guid\":\"2021-i8itl77g5n\",\"trxDatetim\":\"2021-03-24 22:04:52\"}}",
  "context" : "default"
}
{
  "timestamp" : "2021-03-24T22:04:52",
  "level" : "INFO",
  "thread" : "http-nio-8090-exec-6",
  "logger" : "com.kakaobank.out.errlog.ErrLog",
  "message" : "{\"bizout\":{\"isSucc\":false},\"biz\":{\"outputData\":\"OUTDATA\",\"inputData\":\"INDATA\",\"service\":\"testService\"},\"common\":{\"responseType\":\"ER\",\"requestType\":\"R\",\"guid\":\"2021-6by6p5h6zsi\",\"trxDatetim\":\"2021-03-24 22:04:52\"}}",
  "context" : "default"
}
