{
  "timestamp" : "2021-03-24T22:03:29",
  "level" : "INFO",
  "thread" : "http-nio-8080-exec-6",
  "logger" : "com.kakaobank.in.inlog.InLog",
  "message" : "{\"biz\":{\"service\":\"testService\",\"inputData\":\"INDATA\",\"outputData\":\"OUTDATA\"},\"common\":{\"guid\":\"2021-fknyglgrcle\",\"trxDatetim\":\"1616591009410\",\"requestType\":\"S\",\"responseType\":\"NM\"}}",
  "context" : "default"
}
{
  "timestamp" : "2021-03-24T22:03:31",
  "level" : "INFO",
  "thread" : "http-nio-8080-exec-7",
  "logger" : "com.kakaobank.in.inlog.InLog",
  "message" : "{\"biz\":{\"service\":\"testService\",\"inputData\":\"INDATA\",\"outputData\":\"OUTDATA\"},\"common\":{\"guid\":\"2021-q5e0f7ibtv\",\"trxDatetim\":\"1616591011468\",\"requestType\":\"S\",\"responseType\":\"NM\"}}",
  "context" : "default"
}
{
  "timestamp" : "2021-03-24T22:03:32",
  "level" : "INFO",
  "thread" : "http-nio-8080-exec-8",
  "logger" : "com.kakaobank.in.inlog.InLog",
  "message" : "{\"biz\":{\"service\":\"testService\",\"inputData\":\"INDATA\",\"outputData\":\"OUTDATA\"},\"common\":{\"guid\":\"2021-rnw856eyu9s\",\"trxDatetim\":\"1616591012341\",\"requestType\":\"S\",\"responseType\":\"NM\"}}",
  "context" : "default"
}
{
  "timestamp" : "2021-03-24T22:03:32",
  "level" : "INFO",
  "thread" : "http-nio-8080-exec-9",
  "logger" : "com.kakaobank.in.inlog.InLog",
  "message" : "{\"biz\":{\"service\":\"testService\",\"inputData\":\"INDATA\",\"outputData\":\"OUTDATA\"},\"common\":{\"guid\":\"2021-85o1x2qh3gc\",\"trxDatetim\":\"1616591012514\",\"requestType\":\"S\",\"responseType\":\"NM\"}}",
  "context" : "default"
}
{
  "timestamp" : "2021-03-24T22:03:32",
  "level" : "INFO",
  "thread" : "http-nio-8080-exec-10",
  "logger" : "com.kakaobank.in.inlog.InLog",
  "message" : "{\"biz\":{\"service\":\"testService\",\"inputData\":\"INDATA\",\"outputData\":\"OUTDATA\"},\"common\":{\"guid\":\"2021-whw22yjuce\",\"trxDatetim\":\"1616591012658\",\"requestType\":\"S\",\"responseType\":\"NM\"}}",
  "context" : "default"
}
{
  "timestamp" : "2021-03-24T22:03:32",
  "level" : "INFO",
  "thread" : "http-nio-8080-exec-1",
  "logger" : "com.kakaobank.in.inlog.InLog",
  "message" : "{\"biz\":{\"service\":\"testService\",\"inputData\":\"INDATA\",\"outputData\":\"OUTDATA\"},\"common\":{\"guid\":\"2021-qnyav5zhewh\",\"trxDatetim\":\"1616591012805\",\"requestType\":\"S\",\"responseType\":\"NM\"}}",
  "context" : "default"
}
{
  "timestamp" : "2021-03-24T22:03:33",
  "level" : "INFO",
  "thread" : "http-nio-8080-exec-2",
  "logger" : "com.kakaobank.in.inlog.InLog",
  "message" : "{\"biz\":{\"service\":\"testService\",\"inputData\":\"INDATA\",\"outputData\":\"OUTDATA\"},\"common\":{\"guid\":\"2021-zjb54s9ccy\",\"trxDatetim\":\"1616591013215\",\"requestType\":\"S\",\"responseType\":\"NM\"}}",
  "context" : "default"
}
{
  "timestamp" : "2021-03-24T22:03:33",
  "level" : "INFO",
  "thread" : "http-nio-8080-exec-3",
  "logger" : "com.kakaobank.in.inlog.InLog",
  "message" : "{\"biz\":{\"service\":\"testService\",\"inputData\":\"INDATA\",\"outputData\":\"OUTDATA\"},\"common\":{\"guid\":\"2021-p2n47ha9x6h\",\"trxDatetim\":\"1616591013362\",\"requestType\":\"S\",\"responseType\":\"NM\"}}",
  "context" : "default"
}
{
  "timestamp" : "2021-03-24T22:03:33",
  "level" : "INFO",
  "thread" : "http-nio-8080-exec-4",
  "logger" : "com.kakaobank.in.inlog.InLog",
  "message" : "{\"biz\":{\"service\":\"testService\",\"inputData\":\"INDATA\",\"outputData\":\"OUTDATA\"},\"common\":{\"guid\":\"2021-ylactgpslk\",\"trxDatetim\":\"1616591013489\",\"requestType\":\"S\",\"responseType\":\"NM\"}}",
  "context" : "default"
}
{
  "timestamp" : "2021-03-24T22:03:33",
  "level" : "INFO",
  "thread" : "http-nio-8080-exec-5",
  "logger" : "com.kakaobank.in.inlog.InLog",
  "message" : "{\"biz\":{\"service\":\"testService\",\"inputData\":\"INDATA\",\"outputData\":\"OUTDATA\"},\"common\":{\"guid\":\"2021-amum16du7w7\",\"trxDatetim\":\"1616591013638\",\"requestType\":\"S\",\"responseType\":\"NM\"}}",
  "context" : "default"
}
{
  "timestamp" : "2021-03-24T22:03:33",
  "level" : "INFO",
  "thread" : "http-nio-8080-exec-6",
  "logger" : "com.kakaobank.in.inlog.InLog",
  "message" : "{\"biz\":{\"service\":\"testService\",\"inputData\":\"INDATA\",\"outputData\":\"OUTDATA\"},\"common\":{\"guid\":\"2021-qg7t31cnfpd\",\"trxDatetim\":\"1616591013779\",\"requestType\":\"S\",\"responseType\":\"NM\"}}",
  "context" : "default"
}
{
  "timestamp" : "2021-03-24T22:03:33",
  "level" : "INFO",
  "thread" : "http-nio-8080-exec-7",
  "logger" : "com.kakaobank.in.inlog.InLog",
  "message" : "{\"biz\":{\"service\":\"testService\",\"inputData\":\"INDATA\",\"outputData\":\"OUTDATA\"},\"common\":{\"guid\":\"2021-ns48322flzg\",\"trxDatetim\":\"1616591013920\",\"requestType\":\"S\",\"responseType\":\"NM\"}}",
  "context" : "default"
}
{
  "timestamp" : "2021-03-24T22:03:34",
  "level" : "INFO",
  "thread" : "http-nio-8080-exec-8",
  "logger" : "com.kakaobank.in.inlog.InLog",
  "message" : "{\"biz\":{\"service\":\"testService\",\"inputData\":\"INDATA\",\"outputData\":\"OUTDATA\"},\"common\":{\"guid\":\"2021-qlflfsgc2kf\",\"trxDatetim\":\"1616591014048\",\"requestType\":\"S\",\"responseType\":\"NM\"}}",
  "context" : "default"
}
{
  "timestamp" : "2021-03-24T22:03:34",
  "level" : "INFO",
  "thread" : "http-nio-8080-exec-9",
  "logger" : "com.kakaobank.in.inlog.InLog",
  "message" : "{\"biz\":{\"service\":\"testService\",\"inputData\":\"INDATA\",\"outputData\":\"OUTDATA\"},\"common\":{\"guid\":\"2021-pwnd0i40dm9\",\"trxDatetim\":\"1616591014204\",\"requestType\":\"S\",\"responseType\":\"NM\"}}",
  "context" : "default"
}
{
  "timestamp" : "2021-03-24T22:03:34",
  "level" : "INFO",
  "thread" : "http-nio-8080-exec-10",
  "logger" : "com.kakaobank.in.inlog.InLog",
  "message" : "{\"biz\":{\"service\":\"testService\",\"inputData\":\"INDATA\",\"outputData\":\"OUTDATA\"},\"common\":{\"guid\":\"2021-q123o6sts1o\",\"trxDatetim\":\"1616591014344\",\"requestType\":\"S\",\"responseType\":\"NM\"}}",
  "context" : "default"
}
{
  "timestamp" : "2021-03-24T22:03:34",
  "level" : "INFO",
  "thread" : "http-nio-8080-exec-1",
  "logger" : "com.kakaobank.in.inlog.InLog",
  "message" : "{\"biz\":{\"service\":\"testService\",\"inputData\":\"INDATA\",\"outputData\":\"OUTDATA\"},\"common\":{\"guid\":\"2021-66eyy0q1ep\",\"trxDatetim\":\"1616591014494\",\"requestType\":\"S\",\"responseType\":\"NM\"}}",
  "context" : "default"
}
{
  "timestamp" : "2021-03-24T22:03:34",
  "level" : "INFO",
  "thread" : "http-nio-8080-exec-2",
  "logger" : "com.kakaobank.in.inlog.InLog",
  "message" : "{\"biz\":{\"service\":\"testService\",\"inputData\":\"INDATA\",\"outputData\":\"OUTDATA\"},\"common\":{\"guid\":\"2021-46bnn7a0125\",\"trxDatetim\":\"1616591014636\",\"requestType\":\"S\",\"responseType\":\"NM\"}}",
  "context" : "default"
}
{
  "timestamp" : "2021-03-24T22:03:34",
  "level" : "INFO",
  "thread" : "http-nio-8080-exec-3",
  "logger" : "com.kakaobank.in.inlog.InLog",
  "message" : "{\"biz\":{\"service\":\"testService\",\"inputData\":\"INDATA\",\"outputData\":\"OUTDATA\"},\"common\":{\"guid\":\"2021-c2998ryi106\",\"trxDatetim\":\"1616591014778\",\"requestType\":\"S\",\"responseType\":\"NM\"}}",
  "context" : "default"
}
{
  "timestamp" : "2021-03-24T22:03:34",
  "level" : "INFO",
  "thread" : "http-nio-8080-exec-4",
  "logger" : "com.kakaobank.in.inlog.InLog",
  "message" : "{\"biz\":{\"service\":\"testService\",\"inputData\":\"INDATA\",\"outputData\":\"OUTDATA\"},\"common\":{\"guid\":\"2021-7viowz35pcq\",\"trxDatetim\":\"1616591014942\",\"requestType\":\"S\",\"responseType\":\"NM\"}}",
  "context" : "default"
}
{
  "timestamp" : "2021-03-24T22:03:35",
  "level" : "INFO",
  "thread" : "http-nio-8080-exec-5",
  "logger" : "com.kakaobank.in.inlog.InLog",
  "message" : "{\"biz\":{\"service\":\"testService\",\"inputData\":\"INDATA\",\"outputData\":\"OUTDATA\"},\"common\":{\"guid\":\"2021-4hrtyh0meqf\",\"trxDatetim\":\"1616591015083\",\"requestType\":\"S\",\"responseType\":\"NM\"}}",
  "context" : "default"
}
{
  "timestamp" : "2021-03-24T22:03:35",
  "level" : "INFO",
  "thread" : "http-nio-8080-exec-6",
  "logger" : "com.kakaobank.in.inlog.InLog",
  "message" : "{\"biz\":{\"service\":\"testService\",\"inputData\":\"INDATA\",\"outputData\":\"OUTDATA\"},\"common\":{\"guid\":\"2021-08r9mpnwngh\",\"trxDatetim\":\"1616591015264\",\"requestType\":\"S\",\"responseType\":\"NM\"}}",
  "context" : "default"
}
{
  "timestamp" : "2021-03-24T22:03:35",
  "level" : "INFO",
  "thread" : "http-nio-8080-exec-7",
  "logger" : "com.kakaobank.in.inlog.InLog",
  "message" : "{\"biz\":{\"service\":\"testService\",\"inputData\":\"INDATA\",\"outputData\":\"OUTDATA\"},\"common\":{\"guid\":\"2021-ei98ox85orj\",\"trxDatetim\":\"1616591015705\",\"requestType\":\"S\",\"responseType\":\"NM\"}}",
  "context" : "default"
}
{
  "timestamp" : "2021-03-24T22:03:35",
  "level" : "INFO",
  "thread" : "http-nio-8080-exec-8",
  "logger" : "com.kakaobank.in.inlog.InLog",
  "message" : "{\"biz\":{\"service\":\"testService\",\"inputData\":\"INDATA\",\"outputData\":\"OUTDATA\"},\"common\":{\"guid\":\"2021-xyyfqxvbvf\",\"trxDatetim\":\"1616591015877\",\"requestType\":\"S\",\"responseType\":\"NM\"}}",
  "context" : "default"
}
{
  "timestamp" : "2021-03-24T22:03:36",
  "level" : "INFO",
  "thread" : "http-nio-8080-exec-9",
  "logger" : "com.kakaobank.in.inlog.InLog",
  "message" : "{\"biz\":{\"service\":\"testService\",\"inputData\":\"INDATA\",\"outputData\":\"OUTDATA\"},\"common\":{\"guid\":\"2021-5ezzko89zk\",\"trxDatetim\":\"1616591016050\",\"requestType\":\"S\",\"responseType\":\"NM\"}}",
  "context" : "default"
}
{
  "timestamp" : "2021-03-24T22:03:36",
  "level" : "INFO",
  "thread" : "http-nio-8080-exec-10",
  "logger" : "com.kakaobank.in.inlog.InLog",
  "message" : "{\"biz\":{\"service\":\"testService\",\"inputData\":\"INDATA\",\"outputData\":\"OUTDATA\"},\"common\":{\"guid\":\"2021-q9xuld83n5\",\"trxDatetim\":\"1616591016358\",\"requestType\":\"S\",\"responseType\":\"NM\"}}",
  "context" : "default"
}
{
  "timestamp" : "2021-03-24T22:03:36",
  "level" : "INFO",
  "thread" : "http-nio-8080-exec-1",
  "logger" : "com.kakaobank.in.inlog.InLog",
  "message" : "{\"biz\":{\"service\":\"testService\",\"inputData\":\"INDATA\",\"outputData\":\"OUTDATA\"},\"common\":{\"guid\":\"2021-28cwz7f4wjk\",\"trxDatetim\":\"1616591016515\",\"requestType\":\"S\",\"responseType\":\"NM\"}}",
  "context" : "default"
}
{
  "timestamp" : "2021-03-24T22:03:36",
  "level" : "INFO",
  "thread" : "http-nio-8080-exec-2",
  "logger" : "com.kakaobank.in.inlog.InLog",
  "message" : "{\"biz\":{\"service\":\"testService\",\"inputData\":\"INDATA\",\"outputData\":\"OUTDATA\"},\"common\":{\"guid\":\"2021-b33hkg3wked\",\"trxDatetim\":\"1616591016681\",\"requestType\":\"S\",\"responseType\":\"NM\"}}",
  "context" : "default"
}
{
  "timestamp" : "2021-03-24T22:03:36",
  "level" : "INFO",
  "thread" : "http-nio-8080-exec-3",
  "logger" : "com.kakaobank.in.inlog.InLog",
  "message" : "{\"biz\":{\"service\":\"testService\",\"inputData\":\"INDATA\",\"outputData\":\"OUTDATA\"},\"common\":{\"guid\":\"2021-h0bmam4qf0c\",\"trxDatetim\":\"1616591016836\",\"requestType\":\"S\",\"responseType\":\"NM\"}}",
  "context" : "default"
}
{
  "timestamp" : "2021-03-24T22:03:36",
  "level" : "INFO",
  "thread" : "http-nio-8080-exec-4",
  "logger" : "com.kakaobank.in.inlog.InLog",
  "message" : "{\"biz\":{\"service\":\"testService\",\"inputData\":\"INDATA\",\"outputData\":\"OUTDATA\"},\"common\":{\"guid\":\"2021-27yy52ifam3\",\"trxDatetim\":\"1616591016995\",\"requestType\":\"S\",\"responseType\":\"NM\"}}",
  "context" : "default"
}
{
  "timestamp" : "2021-03-24T22:03:37",
  "level" : "INFO",
  "thread" : "http-nio-8080-exec-5",
  "logger" : "com.kakaobank.in.inlog.InLog",
  "message" : "{\"biz\":{\"service\":\"testService\",\"inputData\":\"INDATA\",\"outputData\":\"OUTDATA\"},\"common\":{\"guid\":\"2021-dro2cm9pqmv\",\"trxDatetim\":\"1616591017150\",\"requestType\":\"S\",\"responseType\":\"NM\"}}",
  "context" : "default"
}
{
  "timestamp" : "2021-03-24T22:03:37",
  "level" : "INFO",
  "thread" : "http-nio-8080-exec-6",
  "logger" : "com.kakaobank.in.inlog.InLog",
  "message" : "{\"biz\":{\"service\":\"testService\",\"inputData\":\"INDATA\",\"outputData\":\"OUTDATA\"},\"common\":{\"guid\":\"2021-6zvpnmo9cz\",\"trxDatetim\":\"1616591017394\",\"requestType\":\"S\",\"responseType\":\"NM\"}}",
  "context" : "default"
}
{
  "timestamp" : "2021-03-24T22:03:37",
  "level" : "INFO",
  "thread" : "http-nio-8080-exec-7",
  "logger" : "com.kakaobank.in.inlog.InLog",
  "message" : "{\"biz\":{\"service\":\"testService\",\"inputData\":\"INDATA\",\"outputData\":\"OUTDATA\"},\"common\":{\"guid\":\"2021-1q7t7slvfm8\",\"trxDatetim\":\"1616591017552\",\"requestType\":\"S\",\"responseType\":\"NM\"}}",
  "context" : "default"
}
{
  "timestamp" : "2021-03-24T22:03:37",
  "level" : "INFO",
  "thread" : "http-nio-8080-exec-8",
  "logger" : "com.kakaobank.in.inlog.InLog",
  "message" : "{\"biz\":{\"service\":\"testService\",\"inputData\":\"INDATA\",\"outputData\":\"OUTDATA\"},\"common\":{\"guid\":\"2021-f5gfkr7m7vm\",\"trxDatetim\":\"1616591017732\",\"requestType\":\"S\",\"responseType\":\"NM\"}}",
  "context" : "default"
}
{
  "timestamp" : "2021-03-24T22:03:37",
  "level" : "INFO",
  "thread" : "http-nio-8080-exec-9",
  "logger" : "com.kakaobank.in.inlog.InLog",
  "message" : "{\"biz\":{\"service\":\"testService\",\"inputData\":\"INDATA\",\"outputData\":\"OUTDATA\"},\"common\":{\"guid\":\"2021-cdihgwosza6\",\"trxDatetim\":\"1616591017883\",\"requestType\":\"S\",\"responseType\":\"NM\"}}",
  "context" : "default"
}
{
  "timestamp" : "2021-03-24T22:03:38",
  "level" : "INFO",
  "thread" : "http-nio-8080-exec-10",
  "logger" : "com.kakaobank.in.inlog.InLog",
  "message" : "{\"biz\":{\"service\":\"testService\",\"inputData\":\"INDATA\",\"outputData\":\"OUTDATA\"},\"common\":{\"guid\":\"2021-yxxobhlj2sm\",\"trxDatetim\":\"1616591018038\",\"requestType\":\"S\",\"responseType\":\"NM\"}}",
  "context" : "default"
}
{
  "timestamp" : "2021-03-24T22:03:38",
  "level" : "INFO",
  "thread" : "http-nio-8080-exec-1",
  "logger" : "com.kakaobank.in.inlog.InLog",
  "message" : "{\"biz\":{\"service\":\"testService\",\"inputData\":\"INDATA\",\"outputData\":\"OUTDATA\"},\"common\":{\"guid\":\"2021-v6lomytj56e\",\"trxDatetim\":\"1616591018189\",\"requestType\":\"S\",\"responseType\":\"NM\"}}",
  "context" : "default"
}
{
  "timestamp" : "2021-03-24T22:03:38",
  "level" : "INFO",
  "thread" : "http-nio-8080-exec-2",
  "logger" : "com.kakaobank.in.inlog.InLog",
  "message" : "{\"biz\":{\"service\":\"testService\",\"inputData\":\"INDATA\",\"outputData\":\"OUTDATA\"},\"common\":{\"guid\":\"2021-d1zhhhx99r\",\"trxDatetim\":\"1616591018463\",\"requestType\":\"S\",\"responseType\":\"NM\"}}",
  "context" : "default"
}
{
  "timestamp" : "2021-03-24T22:03:38",
  "level" : "INFO",
  "thread" : "http-nio-8080-exec-3",
  "logger" : "com.kakaobank.in.inlog.InLog",
  "message" : "{\"biz\":{\"service\":\"testService\",\"inputData\":\"INDATA\",\"outputData\":\"OUTDATA\"},\"common\":{\"guid\":\"2021-pz16eq65kkq\",\"trxDatetim\":\"1616591018644\",\"requestType\":\"S\",\"responseType\":\"NM\"}}",
  "context" : "default"
}
{
  "timestamp" : "2021-03-24T22:03:38",
  "level" : "INFO",
  "thread" : "http-nio-8080-exec-4",
  "logger" : "com.kakaobank.in.inlog.InLog",
  "message" : "{\"biz\":{\"service\":\"testService\",\"inputData\":\"INDATA\",\"outputData\":\"OUTDATA\"},\"common\":{\"guid\":\"2021-m4gcp01m9t\",\"trxDatetim\":\"1616591018813\",\"requestType\":\"S\",\"responseType\":\"NM\"}}",
  "context" : "default"
}
{
  "timestamp" : "2021-03-24T22:03:38",
  "level" : "INFO",
  "thread" : "http-nio-8080-exec-5",
  "logger" : "com.kakaobank.in.inlog.InLog",
  "message" : "{\"biz\":{\"service\":\"testService\",\"inputData\":\"INDATA\",\"outputData\":\"OUTDATA\"},\"common\":{\"guid\":\"2021-taes954stmj\",\"trxDatetim\":\"1616591018966\",\"requestType\":\"S\",\"responseType\":\"NM\"}}",
  "context" : "default"
}
{
  "timestamp" : "2021-03-24T22:03:39",
  "level" : "INFO",
  "thread" : "http-nio-8080-exec-6",
  "logger" : "com.kakaobank.in.inlog.InLog",
  "message" : "{\"biz\":{\"service\":\"testService\",\"inputData\":\"INDATA\",\"outputData\":\"OUTDATA\"},\"common\":{\"guid\":\"2021-s6vqsabyfxl\",\"trxDatetim\":\"1616591019122\",\"requestType\":\"S\",\"responseType\":\"NM\"}}",
  "context" : "default"
}
{
  "timestamp" : "2021-03-24T22:03:39",
  "level" : "INFO",
  "thread" : "http-nio-8080-exec-7",
  "logger" : "com.kakaobank.in.inlog.InLog",
  "message" : "{\"biz\":{\"service\":\"testService\",\"inputData\":\"INDATA\",\"outputData\":\"OUTDATA\"},\"common\":{\"guid\":\"2021-e7lwbvvu0ta\",\"trxDatetim\":\"1616591019289\",\"requestType\":\"S\",\"responseType\":\"NM\"}}",
  "context" : "default"
}
{
  "timestamp" : "2021-03-24T22:03:39",
  "level" : "INFO",
  "thread" : "http-nio-8080-exec-8",
  "logger" : "com.kakaobank.in.inlog.InLog",
  "message" : "{\"biz\":{\"service\":\"testService\",\"inputData\":\"INDATA\",\"outputData\":\"OUTDATA\"},\"common\":{\"guid\":\"2021-bvnv4dkd06\",\"trxDatetim\":\"1616591019452\",\"requestType\":\"S\",\"responseType\":\"NM\"}}",
  "context" : "default"
}
{
  "timestamp" : "2021-03-24T22:03:45",
  "level" : "INFO",
  "thread" : "http-nio-8080-exec-9",
  "logger" : "com.kakaobank.in.inlog.InLog",
  "message" : "{\"biz\":{\"service\":\"testService\",\"inputData\":\"INDATA\",\"outputData\":\"OUTDATA\"},\"common\":{\"guid\":\"2021-gfcr1xm5pe7\",\"trxDatetim\":\"1616591025693\",\"requestType\":\"S\",\"responseType\":\"NM\"}}",
  "context" : "default"
}
{
  "timestamp" : "2021-03-24T22:03:45",
  "level" : "INFO",
  "thread" : "http-nio-8080-exec-10",
  "logger" : "com.kakaobank.in.inlog.InLog",
  "message" : "{\"biz\":{\"service\":\"testService\",\"inputData\":\"INDATA\",\"outputData\":\"OUTDATA\"},\"common\":{\"guid\":\"2021-0gfh1kmuz9o\",\"trxDatetim\":\"1616591025891\",\"requestType\":\"S\",\"responseType\":\"NM\"}}",
  "context" : "default"
}
{
  "timestamp" : "2021-03-24T22:03:46",
  "level" : "INFO",
  "thread" : "http-nio-8080-exec-1",
  "logger" : "com.kakaobank.in.inlog.InLog",
  "message" : "{\"biz\":{\"service\":\"testService\",\"inputData\":\"INDATA\",\"outputData\":\"OUTDATA\"},\"common\":{\"guid\":\"2021-dlhwj39xait\",\"trxDatetim\":\"1616591026088\",\"requestType\":\"S\",\"responseType\":\"NM\"}}",
  "context" : "default"
}
{
  "timestamp" : "2021-03-24T22:03:46",
  "level" : "INFO",
  "thread" : "http-nio-8080-exec-2",
  "logger" : "com.kakaobank.in.inlog.InLog",
  "message" : "{\"biz\":{\"service\":\"testService\",\"inputData\":\"INDATA\",\"outputData\":\"OUTDATA\"},\"common\":{\"guid\":\"2021-zvf6moroxmk\",\"trxDatetim\":\"1616591026250\",\"requestType\":\"S\",\"responseType\":\"NM\"}}",
  "context" : "default"
}
{
  "timestamp" : "2021-03-24T22:03:46",
  "level" : "INFO",
  "thread" : "http-nio-8080-exec-3",
  "logger" : "com.kakaobank.in.inlog.InLog",
  "message" : "{\"biz\":{\"service\":\"testService\",\"inputData\":\"INDATA\",\"outputData\":\"OUTDATA\"},\"common\":{\"guid\":\"2021-hayn6hqpa9e\",\"trxDatetim\":\"1616591026413\",\"requestType\":\"S\",\"responseType\":\"NM\"}}",
  "context" : "default"
}
{
  "timestamp" : "2021-03-24T22:03:46",
  "level" : "INFO",
  "thread" : "http-nio-8080-exec-4",
  "logger" : "com.kakaobank.in.inlog.InLog",
  "message" : "{\"biz\":{\"service\":\"testService\",\"inputData\":\"INDATA\",\"outputData\":\"OUTDATA\"},\"common\":{\"guid\":\"2021-zu61rrggohl\",\"trxDatetim\":\"1616591026559\",\"requestType\":\"S\",\"responseType\":\"NM\"}}",
  "context" : "default"
}
{
  "timestamp" : "2021-03-24T22:03:46",
  "level" : "INFO",
  "thread" : "http-nio-8080-exec-5",
  "logger" : "com.kakaobank.in.inlog.InLog",
  "message" : "{\"biz\":{\"service\":\"testService\",\"inputData\":\"INDATA\",\"outputData\":\"OUTDATA\"},\"common\":{\"guid\":\"2021-o6kckdit02\",\"trxDatetim\":\"1616591026707\",\"requestType\":\"S\",\"responseType\":\"NM\"}}",
  "context" : "default"
}
{
  "timestamp" : "2021-03-24T22:04:46",
  "level" : "INFO",
  "thread" : "http-nio-8080-exec-1",
  "logger" : "com.kakaobank.in.inlog.InLog",
  "message" : "{\"biz\":{\"service\":\"testService\",\"inputData\":\"INDATA\",\"outputData\":\"OUTDATA\"},\"common\":{\"guid\":\"2021-5e81cj4198c\",\"trxDatetim\":\"1616591086772\",\"requestType\":\"S\",\"responseType\":\"NM\"}}",
  "context" : "default"
}
{
  "timestamp" : "2021-03-24T22:04:47",
  "level" : "INFO",
  "thread" : "http-nio-8080-exec-2",
  "logger" : "com.kakaobank.in.inlog.InLog",
  "message" : "{\"biz\":{\"service\":\"testService\",\"inputData\":\"INDATA\",\"outputData\":\"OUTDATA\"},\"common\":{\"guid\":\"2021-7t7bfntrs2m\",\"trxDatetim\":\"1616591087754\",\"requestType\":\"S\",\"responseType\":\"NM\"}}",
  "context" : "default"
}
{
  "timestamp" : "2021-03-24T22:04:48",
  "level" : "INFO",
  "thread" : "http-nio-8080-exec-3",
  "logger" : "com.kakaobank.in.inlog.InLog",
  "message" : "{\"biz\":{\"service\":\"testService\",\"inputData\":\"INDATA\",\"outputData\":\"OUTDATA\"},\"common\":{\"guid\":\"2021-4wpkcbiuhyi\",\"trxDatetim\":\"1616591088195\",\"requestType\":\"S\",\"responseType\":\"NM\"}}",
  "context" : "default"
}
{
  "timestamp" : "2021-03-24T22:04:48",
  "level" : "INFO",
  "thread" : "http-nio-8080-exec-4",
  "logger" : "com.kakaobank.in.inlog.InLog",
  "message" : "{\"biz\":{\"service\":\"testService\",\"inputData\":\"INDATA\",\"outputData\":\"OUTDATA\"},\"common\":{\"guid\":\"2021-4rcswzwfs64\",\"trxDatetim\":\"1616591088688\",\"requestType\":\"S\",\"responseType\":\"NM\"}}",
  "context" : "default"
}
{
  "timestamp" : "2021-03-24T22:04:49",
  "level" : "INFO",
  "thread" : "http-nio-8080-exec-5",
  "logger" : "com.kakaobank.in.inlog.InLog",
  "message" : "{\"biz\":{\"service\":\"testService\",\"inputData\":\"INDATA\",\"outputData\":\"OUTDATA\"},\"common\":{\"guid\":\"2021-eweyz763s3u\",\"trxDatetim\":\"1616591089105\",\"requestType\":\"S\",\"responseType\":\"NM\"}}",
  "context" : "default"
}
{
  "timestamp" : "2021-03-24T22:04:49",
  "level" : "INFO",
  "thread" : "http-nio-8080-exec-6",
  "logger" : "com.kakaobank.in.inlog.InLog",
  "message" : "{\"biz\":{\"service\":\"testService\",\"inputData\":\"INDATA\",\"outputData\":\"OUTDATA\"},\"common\":{\"guid\":\"2021-r0q3ysieikb\",\"trxDatetim\":\"1616591089900\",\"requestType\":\"S\",\"responseType\":\"NM\"}}",
  "context" : "default"
}
{
  "timestamp" : "2021-03-24T22:04:50",
  "level" : "INFO",
  "thread" : "http-nio-8080-exec-7",
  "logger" : "com.kakaobank.in.inlog.InLog",
  "message" : "{\"biz\":{\"service\":\"testService\",\"inputData\":\"INDATA\",\"outputData\":\"OUTDATA\"},\"common\":{\"guid\":\"2021-5nz9nwqb1y6\",\"trxDatetim\":\"1616591090079\",\"requestType\":\"S\",\"responseType\":\"NM\"}}",
  "context" : "default"
}
{
  "timestamp" : "2021-03-24T22:04:50",
  "level" : "INFO",
  "thread" : "http-nio-8080-exec-8",
  "logger" : "com.kakaobank.in.inlog.InLog",
  "message" : "{\"biz\":{\"service\":\"testService\",\"inputData\":\"INDATA\",\"outputData\":\"OUTDATA\"},\"common\":{\"guid\":\"2021-u4j8jk7xcr\",\"trxDatetim\":\"1616591090638\",\"requestType\":\"S\",\"responseType\":\"NM\"}}",
  "context" : "default"
}
{
  "timestamp" : "2021-03-24T22:04:50",
  "level" : "INFO",
  "thread" : "http-nio-8080-exec-9",
  "logger" : "com.kakaobank.in.inlog.InLog",
  "message" : "{\"biz\":{\"service\":\"testService\",\"inputData\":\"INDATA\",\"outputData\":\"OUTDATA\"},\"common\":{\"guid\":\"2021-n355dj9gh9\",\"trxDatetim\":\"1616591090833\",\"requestType\":\"S\",\"responseType\":\"NM\"}}",
  "context" : "default"
}
{
  "timestamp" : "2021-03-24T22:04:51",
  "level" : "INFO",
  "thread" : "http-nio-8080-exec-10",
  "logger" : "com.kakaobank.in.inlog.InLog",
  "message" : "{\"biz\":{\"service\":\"testService\",\"inputData\":\"INDATA\",\"outputData\":\"OUTDATA\"},\"common\":{\"guid\":\"2021-48vd52ea21j\",\"trxDatetim\":\"1616591091172\",\"requestType\":\"S\",\"responseType\":\"NM\"}}",
  "context" : "default"
}
{
  "timestamp" : "2021-03-24T22:04:51",
  "level" : "INFO",
  "thread" : "http-nio-8080-exec-1",
  "logger" : "com.kakaobank.in.inlog.InLog",
  "message" : "{\"biz\":{\"service\":\"testService\",\"inputData\":\"INDATA\",\"outputData\":\"OUTDATA\"},\"common\":{\"guid\":\"2021-dnaepabxb77\",\"trxDatetim\":\"1616591091330\",\"requestType\":\"S\",\"responseType\":\"NM\"}}",
  "context" : "default"
}
{
  "timestamp" : "2021-03-24T22:04:51",
  "level" : "INFO",
  "thread" : "http-nio-8080-exec-2",
  "logger" : "com.kakaobank.in.inlog.InLog",
  "message" : "{\"biz\":{\"service\":\"testService\",\"inputData\":\"INDATA\",\"outputData\":\"OUTDATA\"},\"common\":{\"guid\":\"2021-ytyv9nihdkl\",\"trxDatetim\":\"1616591091534\",\"requestType\":\"S\",\"responseType\":\"NM\"}}",
  "context" : "default"
}
{
  "timestamp" : "2021-03-24T22:04:51",
  "level" : "INFO",
  "thread" : "http-nio-8080-exec-3",
  "logger" : "com.kakaobank.in.inlog.InLog",
  "message" : "{\"biz\":{\"service\":\"testService\",\"inputData\":\"INDATA\",\"outputData\":\"OUTDATA\"},\"common\":{\"guid\":\"2021-tg5rq0cwju\",\"trxDatetim\":\"1616591091730\",\"requestType\":\"S\",\"responseType\":\"NM\"}}",
  "context" : "default"
}
{
  "timestamp" : "2021-03-24T22:04:52",
  "level" : "INFO",
  "thread" : "http-nio-8080-exec-4",
  "logger" : "com.kakaobank.in.inlog.InLog",
  "message" : "{\"biz\":{\"service\":\"testService\",\"inputData\":\"INDATA\",\"outputData\":\"OUTDATA\"},\"common\":{\"guid\":\"2021-i8itl77g5n\",\"trxDatetim\":\"1616591092178\",\"requestType\":\"S\",\"responseType\":\"NM\"}}",
  "context" : "default"
}
{
  "timestamp" : "2021-03-24T22:04:52",
  "level" : "INFO",
  "thread" : "http-nio-8080-exec-5",
  "logger" : "com.kakaobank.in.inlog.InLog",
  "message" : "{\"biz\":{\"service\":\"testService\",\"inputData\":\"INDATA\",\"outputData\":\"OUTDATA\"},\"common\":{\"guid\":\"2021-6by6p5h6zsi\",\"trxDatetim\":\"1616591092374\",\"requestType\":\"S\",\"responseType\":\"NM\"}}",
  "context" : "default"
}
