[2021-03-20 11:17:54.165] [exthost] [info] extension host started
[2021-03-20 11:17:54.198] [exthost] [info] extension host started
[2021-03-20 11:17:54.255] [exthost] [info] ExtensionService#_doActivateExtension vscode.grunt {"startup":false,"extensionId":{"value":"vscode.grunt","_lower":"vscode.grunt"},"activationEvent":"onCommand:workbench.action.tasks.runTask"}
[2021-03-20 11:17:54.255] [exthost] [info] ExtensionService#loadCommonJSModule file:///d:/SDS/PROJECT/2020_Project/SamsungSecurity/LEGO/02.Eclipse/2019-12/eclipse/plugins/com.genuitec.eclipse.code.engine.app.win32.x86_64_3.6.0.202002212104/engine/resources/app/extensions/grunt/dist/main
[2021-03-20 11:17:54.292] [exthost] [info] ExtensionService#_doActivateExtension vscode.gulp {"startup":false,"extensionId":{"value":"vscode.gulp","_lower":"vscode.gulp"},"activationEvent":"onCommand:workbench.action.tasks.runTask"}
[2021-03-20 11:17:54.292] [exthost] [info] ExtensionService#loadCommonJSModule file:///d:/SDS/PROJECT/2020_Project/SamsungSecurity/LEGO/02.Eclipse/2019-12/eclipse/plugins/com.genuitec.eclipse.code.engine.app.win32.x86_64_3.6.0.202002212104/engine/resources/app/extensions/gulp/dist/main
[2021-03-20 11:17:54.322] [exthost] [info] ExtensionService#_doActivateExtension vscode.jake {"startup":false,"extensionId":{"value":"vscode.jake","_lower":"vscode.jake"},"activationEvent":"onCommand:workbench.action.tasks.runTask"}
[2021-03-20 11:17:54.323] [exthost] [info] ExtensionService#loadCommonJSModule file:///d:/SDS/PROJECT/2020_Project/SamsungSecurity/LEGO/02.Eclipse/2019-12/eclipse/plugins/com.genuitec.eclipse.code.engine.app.win32.x86_64_3.6.0.202002212104/engine/resources/app/extensions/jake/dist/main
[2021-03-20 11:17:54.346] [exthost] [info] ExtensionService#_doActivateExtension vscode.npm {"startup":false,"extensionId":{"value":"vscode.npm","_lower":"vscode.npm"},"activationEvent":"onCommand:workbench.action.tasks.runTask"}
[2021-03-20 11:17:54.346] [exthost] [info] ExtensionService#loadCommonJSModule file:///d:/SDS/PROJECT/2020_Project/SamsungSecurity/LEGO/02.Eclipse/2019-12/eclipse/plugins/com.genuitec.eclipse.code.engine.app.win32.x86_64_3.6.0.202002212104/engine/resources/app/extensions/npm/dist/main
[2021-03-20 11:17:54.493] [exthost] [info] ExtensionService#_doActivateExtension vscode.typescript-language-features {"startup":false,"extensionId":{"value":"vscode.typescript-language-features","_lower":"vscode.typescript-language-features"},"activationEvent":"onCommand:workbench.action.tasks.runTask"}
[2021-03-20 11:17:54.493] [exthost] [info] ExtensionService#loadCommonJSModule file:///d:/SDS/PROJECT/2020_Project/SamsungSecurity/LEGO/02.Eclipse/2019-12/eclipse/plugins/com.genuitec.eclipse.code.engine.app.win32.x86_64_3.6.0.202002212104/engine/resources/app/extensions/typescript-language-features/dist/extension
[2021-03-20 11:17:54.919] [exthost] [info] ExtensionService#_doActivateExtension HookyQR.beautify {"startup":true,"extensionId":{"value":"HookyQR.beautify","_lower":"hookyqr.beautify"},"activationEvent":"*"}
[2021-03-20 11:17:54.920] [exthost] [info] ExtensionService#loadCommonJSModule file:///d:/SDS/PROJECT/2020_Project/SamsungSecurity/LEGO/02.Eclipse/2019-12/eclipse/plugins/pack.core.win_3.6.0.202007171759/HookyQR.beautify-1.4.11/extension
[2021-03-20 11:17:55.338] [exthost] [info] ExtensionService#_doActivateExtension christian-kohler.path-intellisense {"startup":true,"extensionId":{"value":"christian-kohler.path-intellisense","_lower":"christian-kohler.path-intellisense"},"activationEvent":"*"}
[2021-03-20 11:17:55.338] [exthost] [info] ExtensionService#loadCommonJSModule file:///d:/SDS/PROJECT/2020_Project/SamsungSecurity/LEGO/02.Eclipse/2019-12/eclipse/plugins/pack.core.win_3.6.0.202007171759/christian-kohler.path-intellisense-1.4.2/out/src/extension
[2021-03-20 11:17:55.428] [exthost] [info] ExtensionService#_doActivateExtension dbaeumer.vscode-eslint {"startup":true,"extensionId":{"value":"dbaeumer.vscode-eslint","_lower":"dbaeumer.vscode-eslint"},"activationEvent":"*"}
[2021-03-20 11:17:55.428] [exthost] [info] ExtensionService#loadCommonJSModule file:///d:/SDS/PROJECT/2020_Project/SamsungSecurity/LEGO/02.Eclipse/2019-12/eclipse/plugins/pack.core.win_3.6.0.202007171759/dbaeumer.vscode-eslint-1.9.0/client/out/extension
[2021-03-20 11:17:55.570] [exthost] [info] ExtensionService#_doActivateExtension vscode.debug-auto-launch {"startup":true,"extensionId":{"value":"vscode.debug-auto-launch","_lower":"vscode.debug-auto-launch"},"activationEvent":"*"}
[2021-03-20 11:17:55.571] [exthost] [info] ExtensionService#loadCommonJSModule file:///d:/SDS/PROJECT/2020_Project/SamsungSecurity/LEGO/02.Eclipse/2019-12/eclipse/plugins/com.genuitec.eclipse.code.engine.app.win32.x86_64_3.6.0.202002212104/engine/resources/app/extensions/debug-auto-launch/dist/extension
[2021-03-20 11:17:55.588] [exthost] [info] ExtensionService#_doActivateExtension vscode.emmet {"startup":true,"extensionId":{"value":"vscode.emmet","_lower":"vscode.emmet"},"activationEvent":"*"}
[2021-03-20 11:17:55.588] [exthost] [info] ExtensionService#loadCommonJSModule file:///d:/SDS/PROJECT/2020_Project/SamsungSecurity/LEGO/02.Eclipse/2019-12/eclipse/plugins/com.genuitec.eclipse.code.engine.app.win32.x86_64_3.6.0.202002212104/engine/resources/app/extensions/emmet/dist/extension
[2021-03-20 11:17:55.823] [exthost] [info] ExtensionService#_doActivateExtension formulahendry.auto-close-tag {"startup":true,"extensionId":{"value":"formulahendry.auto-close-tag","_lower":"formulahendry.auto-close-tag"},"activationEvent":"*"}
[2021-03-20 11:17:55.823] [exthost] [info] ExtensionService#loadCommonJSModule file:///d:/SDS/PROJECT/2020_Project/SamsungSecurity/LEGO/02.Eclipse/2019-12/eclipse/plugins/pack.core.win_3.6.0.202007171759/formulahendry.auto-close-tag-0.5.6/out/src/extension
[2021-03-20 11:17:55.839] [exthost] [info] eager extensions activated
[2021-03-20 11:36:09.330] [exthost] [info] ExtensionService#_doActivateExtension vscode.configuration-editing {"startup":false,"extensionId":{"value":"vscode.configuration-editing","_lower":"vscode.configuration-editing"},"activationEvent":"onLanguage:jsonc"}
[2021-03-20 11:36:09.330] [exthost] [info] ExtensionService#loadCommonJSModule file:///d:/SDS/PROJECT/2020_Project/SamsungSecurity/LEGO/02.Eclipse/2019-12/eclipse/plugins/com.genuitec.eclipse.code.engine.app.win32.x86_64_3.6.0.202002212104/engine/resources/app/extensions/configuration-editing/dist/extension
[2021-03-20 11:36:09.369] [exthost] [info] ExtensionService#_doActivateExtension vscode.json-language-features {"startup":false,"extensionId":{"value":"vscode.json-language-features","_lower":"vscode.json-language-features"},"activationEvent":"onLanguage:jsonc"}
[2021-03-20 11:36:09.369] [exthost] [info] ExtensionService#loadCommonJSModule file:///d:/SDS/PROJECT/2020_Project/SamsungSecurity/LEGO/02.Eclipse/2019-12/eclipse/plugins/com.genuitec.eclipse.code.engine.app.win32.x86_64_3.6.0.202002212104/engine/resources/app/extensions/json-language-features/client/dist/jsonMain
[2021-03-20 11:36:13.429] [exthost] [info] extension host started
[2021-03-20 11:36:13.461] [exthost] [info] ExtensionService#_doActivateExtension vscode.emmet {"startup":false,"extensionId":{"value":"vscode.emmet","_lower":"vscode.emmet"},"activationEvent":"onLanguage:html"}
[2021-03-20 11:36:13.461] [exthost] [info] ExtensionService#loadCommonJSModule file:///d:/SDS/PROJECT/2020_Project/SamsungSecurity/LEGO/02.Eclipse/2019-12/eclipse/plugins/com.genuitec.eclipse.code.engine.app.win32.x86_64_3.6.0.202002212104/engine/resources/app/extensions/emmet/dist/extension
[2021-03-20 11:36:13.680] [exthost] [info] ExtensionService#_doActivateExtension vscode.html-language-features {"startup":false,"extensionId":{"value":"vscode.html-language-features","_lower":"vscode.html-language-features"},"activationEvent":"onLanguage:html"}
[2021-03-20 11:36:13.680] [exthost] [info] ExtensionService#loadCommonJSModule file:///d:/SDS/PROJECT/2020_Project/SamsungSecurity/LEGO/02.Eclipse/2019-12/eclipse/plugins/com.genuitec.eclipse.code.engine.app.win32.x86_64_3.6.0.202002212104/engine/resources/app/extensions/html-language-features/client/dist/htmlMain
[2021-03-20 11:36:13.883] [exthost] [info] ExtensionService#_doActivateExtension mkaufman.HTMLHint {"startup":false,"extensionId":{"value":"mkaufman.HTMLHint","_lower":"mkaufman.htmlhint"},"activationEvent":"onLanguage:html"}
[2021-03-20 11:36:13.883] [exthost] [info] ExtensionService#loadCommonJSModule file:///d:/SDS/PROJECT/2020_Project/SamsungSecurity/LEGO/02.Eclipse/2019-12/eclipse/plugins/pack.core.win_3.6.0.202007171759/mkaufman.HTMLHint-0.6.0/out/extension
[2021-03-20 11:36:14.299] [exthost] [info] ExtensionService#_doActivateExtension vscode.grunt {"startup":false,"extensionId":{"value":"vscode.grunt","_lower":"vscode.grunt"},"activationEvent":"onCommand:workbench.action.tasks.runTask"}
[2021-03-20 11:36:14.299] [exthost] [info] ExtensionService#loadCommonJSModule file:///d:/SDS/PROJECT/2020_Project/SamsungSecurity/LEGO/02.Eclipse/2019-12/eclipse/plugins/com.genuitec.eclipse.code.engine.app.win32.x86_64_3.6.0.202002212104/engine/resources/app/extensions/grunt/dist/main
[2021-03-20 11:36:14.313] [exthost] [info] ExtensionService#_doActivateExtension vscode.gulp {"startup":false,"extensionId":{"value":"vscode.gulp","_lower":"vscode.gulp"},"activationEvent":"onCommand:workbench.action.tasks.runTask"}
[2021-03-20 11:36:14.313] [exthost] [info] ExtensionService#loadCommonJSModule file:///d:/SDS/PROJECT/2020_Project/SamsungSecurity/LEGO/02.Eclipse/2019-12/eclipse/plugins/com.genuitec.eclipse.code.engine.app.win32.x86_64_3.6.0.202002212104/engine/resources/app/extensions/gulp/dist/main
[2021-03-20 11:36:14.327] [exthost] [info] ExtensionService#_doActivateExtension vscode.jake {"startup":false,"extensionId":{"value":"vscode.jake","_lower":"vscode.jake"},"activationEvent":"onCommand:workbench.action.tasks.runTask"}
[2021-03-20 11:36:14.327] [exthost] [info] ExtensionService#loadCommonJSModule file:///d:/SDS/PROJECT/2020_Project/SamsungSecurity/LEGO/02.Eclipse/2019-12/eclipse/plugins/com.genuitec.eclipse.code.engine.app.win32.x86_64_3.6.0.202002212104/engine/resources/app/extensions/jake/dist/main
[2021-03-20 11:36:14.347] [exthost] [info] ExtensionService#_doActivateExtension vscode.npm {"startup":false,"extensionId":{"value":"vscode.npm","_lower":"vscode.npm"},"activationEvent":"onCommand:workbench.action.tasks.runTask"}
[2021-03-20 11:36:14.347] [exthost] [info] ExtensionService#loadCommonJSModule file:///d:/SDS/PROJECT/2020_Project/SamsungSecurity/LEGO/02.Eclipse/2019-12/eclipse/plugins/com.genuitec.eclipse.code.engine.app.win32.x86_64_3.6.0.202002212104/engine/resources/app/extensions/npm/dist/main
[2021-03-20 11:36:14.420] [exthost] [info] ExtensionService#_doActivateExtension vscode.typescript-language-features {"startup":false,"extensionId":{"value":"vscode.typescript-language-features","_lower":"vscode.typescript-language-features"},"activationEvent":"onCommand:workbench.action.tasks.runTask"}
[2021-03-20 11:36:14.420] [exthost] [info] ExtensionService#loadCommonJSModule file:///d:/SDS/PROJECT/2020_Project/SamsungSecurity/LEGO/02.Eclipse/2019-12/eclipse/plugins/com.genuitec.eclipse.code.engine.app.win32.x86_64_3.6.0.202002212104/engine/resources/app/extensions/typescript-language-features/dist/extension
[2021-03-20 11:36:14.625] [exthost] [info] ExtensionService#_doActivateExtension vscode.configuration-editing {"startup":false,"extensionId":{"value":"vscode.configuration-editing","_lower":"vscode.configuration-editing"},"activationEvent":"onLanguage:jsonc"}
[2021-03-20 11:36:14.625] [exthost] [info] ExtensionService#loadCommonJSModule file:///d:/SDS/PROJECT/2020_Project/SamsungSecurity/LEGO/02.Eclipse/2019-12/eclipse/plugins/com.genuitec.eclipse.code.engine.app.win32.x86_64_3.6.0.202002212104/engine/resources/app/extensions/configuration-editing/dist/extension
[2021-03-20 11:36:14.631] [exthost] [info] ExtensionService#_doActivateExtension vscode.json-language-features {"startup":false,"extensionId":{"value":"vscode.json-language-features","_lower":"vscode.json-language-features"},"activationEvent":"onLanguage:jsonc"}
[2021-03-20 11:36:14.631] [exthost] [info] ExtensionService#loadCommonJSModule file:///d:/SDS/PROJECT/2020_Project/SamsungSecurity/LEGO/02.Eclipse/2019-12/eclipse/plugins/com.genuitec.eclipse.code.engine.app.win32.x86_64_3.6.0.202002212104/engine/resources/app/extensions/json-language-features/client/dist/jsonMain
[2021-03-20 11:36:14.653] [exthost] [info] ExtensionService#_doActivateExtension HookyQR.beautify {"startup":true,"extensionId":{"value":"HookyQR.beautify","_lower":"hookyqr.beautify"},"activationEvent":"*"}
[2021-03-20 11:36:14.653] [exthost] [info] ExtensionService#loadCommonJSModule file:///d:/SDS/PROJECT/2020_Project/SamsungSecurity/LEGO/02.Eclipse/2019-12/eclipse/plugins/pack.core.win_3.6.0.202007171759/HookyQR.beautify-1.4.11/extension
[2021-03-20 11:36:14.995] [exthost] [info] ExtensionService#_doActivateExtension christian-kohler.path-intellisense {"startup":true,"extensionId":{"value":"christian-kohler.path-intellisense","_lower":"christian-kohler.path-intellisense"},"activationEvent":"*"}
[2021-03-20 11:36:14.995] [exthost] [info] ExtensionService#loadCommonJSModule file:///d:/SDS/PROJECT/2020_Project/SamsungSecurity/LEGO/02.Eclipse/2019-12/eclipse/plugins/pack.core.win_3.6.0.202007171759/christian-kohler.path-intellisense-1.4.2/out/src/extension
[2021-03-20 11:36:15.081] [exthost] [info] ExtensionService#_doActivateExtension dbaeumer.vscode-eslint {"startup":true,"extensionId":{"value":"dbaeumer.vscode-eslint","_lower":"dbaeumer.vscode-eslint"},"activationEvent":"*"}
[2021-03-20 11:36:15.081] [exthost] [info] ExtensionService#loadCommonJSModule file:///d:/SDS/PROJECT/2020_Project/SamsungSecurity/LEGO/02.Eclipse/2019-12/eclipse/plugins/pack.core.win_3.6.0.202007171759/dbaeumer.vscode-eslint-1.9.0/client/out/extension
[2021-03-20 11:36:15.181] [exthost] [info] ExtensionService#_doActivateExtension vscode.debug-auto-launch {"startup":true,"extensionId":{"value":"vscode.debug-auto-launch","_lower":"vscode.debug-auto-launch"},"activationEvent":"*"}
[2021-03-20 11:36:15.181] [exthost] [info] ExtensionService#loadCommonJSModule file:///d:/SDS/PROJECT/2020_Project/SamsungSecurity/LEGO/02.Eclipse/2019-12/eclipse/plugins/com.genuitec.eclipse.code.engine.app.win32.x86_64_3.6.0.202002212104/engine/resources/app/extensions/debug-auto-launch/dist/extension
[2021-03-20 11:36:15.195] [exthost] [info] ExtensionService#_doActivateExtension formulahendry.auto-close-tag {"startup":true,"extensionId":{"value":"formulahendry.auto-close-tag","_lower":"formulahendry.auto-close-tag"},"activationEvent":"*"}
[2021-03-20 11:36:15.195] [exthost] [info] ExtensionService#loadCommonJSModule file:///d:/SDS/PROJECT/2020_Project/SamsungSecurity/LEGO/02.Eclipse/2019-12/eclipse/plugins/pack.core.win_3.6.0.202007171759/formulahendry.auto-close-tag-0.5.6/out/src/extension
[2021-03-20 11:36:15.205] [exthost] [info] eager extensions activated
