{
  "timestamp" : "2021-03-24T22:03:29",
  "level" : "INFO",
  "thread" : "http-nio-8088-exec-1",
  "logger" : "com.kakaobank.biz.bizlog.BizLog",
  "message" : "{\"service\":\"testService\",\"inputData\":\"INDATA\",\"outputData\":\"OUTDATA\"}",
  "context" : "default"
}
{
  "timestamp" : "2021-03-24T22:03:31",
  "level" : "INFO",
  "thread" : "http-nio-8088-exec-2",
  "logger" : "com.kakaobank.biz.bizlog.BizLog",
  "message" : "{\"service\":\"testService\",\"inputData\":\"INDATA\",\"outputData\":\"OUTDATA\"}",
  "context" : "default"
}
{
  "timestamp" : "2021-03-24T22:03:32",
  "level" : "INFO",
  "thread" : "http-nio-8088-exec-3",
  "logger" : "com.kakaobank.biz.bizlog.BizLog",
  "message" : "{\"service\":\"testService\",\"inputData\":\"INDATA\",\"outputData\":\"OUTDATA\"}",
  "context" : "default"
}
{
  "timestamp" : "2021-03-24T22:03:32",
  "level" : "INFO",
  "thread" : "http-nio-8088-exec-4",
  "logger" : "com.kakaobank.biz.bizlog.BizLog",
  "message" : "{\"service\":\"testService\",\"inputData\":\"INDATA\",\"outputData\":\"OUTDATA\"}",
  "context" : "default"
}
{
  "timestamp" : "2021-03-24T22:03:32",
  "level" : "INFO",
  "thread" : "http-nio-8088-exec-5",
  "logger" : "com.kakaobank.biz.bizlog.BizLog",
  "message" : "{\"service\":\"testService\",\"inputData\":\"INDATA\",\"outputData\":\"OUTDATA\"}",
  "context" : "default"
}
{
  "timestamp" : "2021-03-24T22:03:32",
  "level" : "INFO",
  "thread" : "http-nio-8088-exec-6",
  "logger" : "com.kakaobank.biz.bizlog.BizLog",
  "message" : "{\"service\":\"testService\",\"inputData\":\"INDATA\",\"outputData\":\"OUTDATA\"}",
  "context" : "default"
}
{
  "timestamp" : "2021-03-24T22:03:33",
  "level" : "INFO",
  "thread" : "http-nio-8088-exec-7",
  "logger" : "com.kakaobank.biz.bizlog.BizLog",
  "message" : "{\"service\":\"testService\",\"inputData\":\"INDATA\",\"outputData\":\"OUTDATA\"}",
  "context" : "default"
}
{
  "timestamp" : "2021-03-24T22:03:33",
  "level" : "INFO",
  "thread" : "http-nio-8088-exec-8",
  "logger" : "com.kakaobank.biz.bizlog.BizLog",
  "message" : "{\"service\":\"testService\",\"inputData\":\"INDATA\",\"outputData\":\"OUTDATA\"}",
  "context" : "default"
}
{
  "timestamp" : "2021-03-24T22:03:33",
  "level" : "INFO",
  "thread" : "http-nio-8088-exec-9",
  "logger" : "com.kakaobank.biz.bizlog.BizLog",
  "message" : "{\"service\":\"testService\",\"inputData\":\"INDATA\",\"outputData\":\"OUTDATA\"}",
  "context" : "default"
}
{
  "timestamp" : "2021-03-24T22:03:33",
  "level" : "INFO",
  "thread" : "http-nio-8088-exec-10",
  "logger" : "com.kakaobank.biz.bizlog.BizLog",
  "message" : "{\"service\":\"testService\",\"inputData\":\"INDATA\",\"outputData\":\"OUTDATA\"}",
  "context" : "default"
}
{
  "timestamp" : "2021-03-24T22:03:33",
  "level" : "INFO",
  "thread" : "http-nio-8088-exec-1",
  "logger" : "com.kakaobank.biz.bizlog.BizLog",
  "message" : "{\"service\":\"testService\",\"inputData\":\"INDATA\",\"outputData\":\"OUTDATA\"}",
  "context" : "default"
}
{
  "timestamp" : "2021-03-24T22:03:33",
  "level" : "INFO",
  "thread" : "http-nio-8088-exec-2",
  "logger" : "com.kakaobank.biz.bizlog.BizLog",
  "message" : "{\"service\":\"testService\",\"inputData\":\"INDATA\",\"outputData\":\"OUTDATA\"}",
  "context" : "default"
}
{
  "timestamp" : "2021-03-24T22:03:34",
  "level" : "INFO",
  "thread" : "http-nio-8088-exec-3",
  "logger" : "com.kakaobank.biz.bizlog.BizLog",
  "message" : "{\"service\":\"testService\",\"inputData\":\"INDATA\",\"outputData\":\"OUTDATA\"}",
  "context" : "default"
}
{
  "timestamp" : "2021-03-24T22:03:34",
  "level" : "INFO",
  "thread" : "http-nio-8088-exec-4",
  "logger" : "com.kakaobank.biz.bizlog.BizLog",
  "message" : "{\"service\":\"testService\",\"inputData\":\"INDATA\",\"outputData\":\"OUTDATA\"}",
  "context" : "default"
}
{
  "timestamp" : "2021-03-24T22:03:34",
  "level" : "INFO",
  "thread" : "http-nio-8088-exec-5",
  "logger" : "com.kakaobank.biz.bizlog.BizLog",
  "message" : "{\"service\":\"testService\",\"inputData\":\"INDATA\",\"outputData\":\"OUTDATA\"}",
  "context" : "default"
}
{
  "timestamp" : "2021-03-24T22:03:34",
  "level" : "INFO",
  "thread" : "http-nio-8088-exec-6",
  "logger" : "com.kakaobank.biz.bizlog.BizLog",
  "message" : "{\"service\":\"testService\",\"inputData\":\"INDATA\",\"outputData\":\"OUTDATA\"}",
  "context" : "default"
}
{
  "timestamp" : "2021-03-24T22:03:34",
  "level" : "INFO",
  "thread" : "http-nio-8088-exec-7",
  "logger" : "com.kakaobank.biz.bizlog.BizLog",
  "message" : "{\"service\":\"testService\",\"inputData\":\"INDATA\",\"outputData\":\"OUTDATA\"}",
  "context" : "default"
}
{
  "timestamp" : "2021-03-24T22:03:34",
  "level" : "INFO",
  "thread" : "http-nio-8088-exec-8",
  "logger" : "com.kakaobank.biz.bizlog.BizLog",
  "message" : "{\"service\":\"testService\",\"inputData\":\"INDATA\",\"outputData\":\"OUTDATA\"}",
  "context" : "default"
}
{
  "timestamp" : "2021-03-24T22:03:34",
  "level" : "INFO",
  "thread" : "http-nio-8088-exec-9",
  "logger" : "com.kakaobank.biz.bizlog.BizLog",
  "message" : "{\"service\":\"testService\",\"inputData\":\"INDATA\",\"outputData\":\"OUTDATA\"}",
  "context" : "default"
}
{
  "timestamp" : "2021-03-24T22:03:35",
  "level" : "INFO",
  "thread" : "http-nio-8088-exec-10",
  "logger" : "com.kakaobank.biz.bizlog.BizLog",
  "message" : "{\"service\":\"testService\",\"inputData\":\"INDATA\",\"outputData\":\"OUTDATA\"}",
  "context" : "default"
}
{
  "timestamp" : "2021-03-24T22:03:35",
  "level" : "INFO",
  "thread" : "http-nio-8088-exec-1",
  "logger" : "com.kakaobank.biz.bizlog.BizLog",
  "message" : "{\"service\":\"testService\",\"inputData\":\"INDATA\",\"outputData\":\"OUTDATA\"}",
  "context" : "default"
}
{
  "timestamp" : "2021-03-24T22:03:35",
  "level" : "INFO",
  "thread" : "http-nio-8088-exec-2",
  "logger" : "com.kakaobank.biz.bizlog.BizLog",
  "message" : "{\"service\":\"testService\",\"inputData\":\"INDATA\",\"outputData\":\"OUTDATA\"}",
  "context" : "default"
}
{
  "timestamp" : "2021-03-24T22:03:35",
  "level" : "INFO",
  "thread" : "http-nio-8088-exec-3",
  "logger" : "com.kakaobank.biz.bizlog.BizLog",
  "message" : "{\"service\":\"testService\",\"inputData\":\"INDATA\",\"outputData\":\"OUTDATA\"}",
  "context" : "default"
}
{
  "timestamp" : "2021-03-24T22:03:36",
  "level" : "INFO",
  "thread" : "http-nio-8088-exec-4",
  "logger" : "com.kakaobank.biz.bizlog.BizLog",
  "message" : "{\"service\":\"testService\",\"inputData\":\"INDATA\",\"outputData\":\"OUTDATA\"}",
  "context" : "default"
}
{
  "timestamp" : "2021-03-24T22:03:36",
  "level" : "INFO",
  "thread" : "http-nio-8088-exec-5",
  "logger" : "com.kakaobank.biz.bizlog.BizLog",
  "message" : "{\"service\":\"testService\",\"inputData\":\"INDATA\",\"outputData\":\"OUTDATA\"}",
  "context" : "default"
}
{
  "timestamp" : "2021-03-24T22:03:36",
  "level" : "INFO",
  "thread" : "http-nio-8088-exec-6",
  "logger" : "com.kakaobank.biz.bizlog.BizLog",
  "message" : "{\"service\":\"testService\",\"inputData\":\"INDATA\",\"outputData\":\"OUTDATA\"}",
  "context" : "default"
}
{
  "timestamp" : "2021-03-24T22:03:36",
  "level" : "INFO",
  "thread" : "http-nio-8088-exec-7",
  "logger" : "com.kakaobank.biz.bizlog.BizLog",
  "message" : "{\"service\":\"testService\",\"inputData\":\"INDATA\",\"outputData\":\"OUTDATA\"}",
  "context" : "default"
}
{
  "timestamp" : "2021-03-24T22:03:36",
  "level" : "INFO",
  "thread" : "http-nio-8088-exec-8",
  "logger" : "com.kakaobank.biz.bizlog.BizLog",
  "message" : "{\"service\":\"testService\",\"inputData\":\"INDATA\",\"outputData\":\"OUTDATA\"}",
  "context" : "default"
}
{
  "timestamp" : "2021-03-24T22:03:37",
  "level" : "INFO",
  "thread" : "http-nio-8088-exec-9",
  "logger" : "com.kakaobank.biz.bizlog.BizLog",
  "message" : "{\"service\":\"testService\",\"inputData\":\"INDATA\",\"outputData\":\"OUTDATA\"}",
  "context" : "default"
}
{
  "timestamp" : "2021-03-24T22:03:37",
  "level" : "INFO",
  "thread" : "http-nio-8088-exec-10",
  "logger" : "com.kakaobank.biz.bizlog.BizLog",
  "message" : "{\"service\":\"testService\",\"inputData\":\"INDATA\",\"outputData\":\"OUTDATA\"}",
  "context" : "default"
}
{
  "timestamp" : "2021-03-24T22:03:37",
  "level" : "INFO",
  "thread" : "http-nio-8088-exec-1",
  "logger" : "com.kakaobank.biz.bizlog.BizLog",
  "message" : "{\"service\":\"testService\",\"inputData\":\"INDATA\",\"outputData\":\"OUTDATA\"}",
  "context" : "default"
}
{
  "timestamp" : "2021-03-24T22:03:37",
  "level" : "INFO",
  "thread" : "http-nio-8088-exec-2",
  "logger" : "com.kakaobank.biz.bizlog.BizLog",
  "message" : "{\"service\":\"testService\",\"inputData\":\"INDATA\",\"outputData\":\"OUTDATA\"}",
  "context" : "default"
}
{
  "timestamp" : "2021-03-24T22:03:37",
  "level" : "INFO",
  "thread" : "http-nio-8088-exec-3",
  "logger" : "com.kakaobank.biz.bizlog.BizLog",
  "message" : "{\"service\":\"testService\",\"inputData\":\"INDATA\",\"outputData\":\"OUTDATA\"}",
  "context" : "default"
}
{
  "timestamp" : "2021-03-24T22:03:37",
  "level" : "INFO",
  "thread" : "http-nio-8088-exec-4",
  "logger" : "com.kakaobank.biz.bizlog.BizLog",
  "message" : "{\"service\":\"testService\",\"inputData\":\"INDATA\",\"outputData\":\"OUTDATA\"}",
  "context" : "default"
}
{
  "timestamp" : "2021-03-24T22:03:38",
  "level" : "INFO",
  "thread" : "http-nio-8088-exec-5",
  "logger" : "com.kakaobank.biz.bizlog.BizLog",
  "message" : "{\"service\":\"testService\",\"inputData\":\"INDATA\",\"outputData\":\"OUTDATA\"}",
  "context" : "default"
}
{
  "timestamp" : "2021-03-24T22:03:38",
  "level" : "INFO",
  "thread" : "http-nio-8088-exec-6",
  "logger" : "com.kakaobank.biz.bizlog.BizLog",
  "message" : "{\"service\":\"testService\",\"inputData\":\"INDATA\",\"outputData\":\"OUTDATA\"}",
  "context" : "default"
}
{
  "timestamp" : "2021-03-24T22:03:38",
  "level" : "INFO",
  "thread" : "http-nio-8088-exec-7",
  "logger" : "com.kakaobank.biz.bizlog.BizLog",
  "message" : "{\"service\":\"testService\",\"inputData\":\"INDATA\",\"outputData\":\"OUTDATA\"}",
  "context" : "default"
}
{
  "timestamp" : "2021-03-24T22:03:38",
  "level" : "INFO",
  "thread" : "http-nio-8088-exec-8",
  "logger" : "com.kakaobank.biz.bizlog.BizLog",
  "message" : "{\"service\":\"testService\",\"inputData\":\"INDATA\",\"outputData\":\"OUTDATA\"}",
  "context" : "default"
}
{
  "timestamp" : "2021-03-24T22:03:38",
  "level" : "INFO",
  "thread" : "http-nio-8088-exec-9",
  "logger" : "com.kakaobank.biz.bizlog.BizLog",
  "message" : "{\"service\":\"testService\",\"inputData\":\"INDATA\",\"outputData\":\"OUTDATA\"}",
  "context" : "default"
}
{
  "timestamp" : "2021-03-24T22:03:38",
  "level" : "INFO",
  "thread" : "http-nio-8088-exec-10",
  "logger" : "com.kakaobank.biz.bizlog.BizLog",
  "message" : "{\"service\":\"testService\",\"inputData\":\"INDATA\",\"outputData\":\"OUTDATA\"}",
  "context" : "default"
}
{
  "timestamp" : "2021-03-24T22:03:39",
  "level" : "INFO",
  "thread" : "http-nio-8088-exec-1",
  "logger" : "com.kakaobank.biz.bizlog.BizLog",
  "message" : "{\"service\":\"testService\",\"inputData\":\"INDATA\",\"outputData\":\"OUTDATA\"}",
  "context" : "default"
}
{
  "timestamp" : "2021-03-24T22:03:39",
  "level" : "INFO",
  "thread" : "http-nio-8088-exec-2",
  "logger" : "com.kakaobank.biz.bizlog.BizLog",
  "message" : "{\"service\":\"testService\",\"inputData\":\"INDATA\",\"outputData\":\"OUTDATA\"}",
  "context" : "default"
}
{
  "timestamp" : "2021-03-24T22:03:39",
  "level" : "INFO",
  "thread" : "http-nio-8088-exec-3",
  "logger" : "com.kakaobank.biz.bizlog.BizLog",
  "message" : "{\"service\":\"testService\",\"inputData\":\"INDATA\",\"outputData\":\"OUTDATA\"}",
  "context" : "default"
}
{
  "timestamp" : "2021-03-24T22:03:45",
  "level" : "INFO",
  "thread" : "http-nio-8088-exec-4",
  "logger" : "com.kakaobank.biz.bizlog.BizLog",
  "message" : "{\"service\":\"testService\",\"inputData\":\"INDATA\",\"outputData\":\"OUTDATA\"}",
  "context" : "default"
}
{
  "timestamp" : "2021-03-24T22:03:45",
  "level" : "INFO",
  "thread" : "http-nio-8088-exec-5",
  "logger" : "com.kakaobank.biz.bizlog.BizLog",
  "message" : "{\"service\":\"testService\",\"inputData\":\"INDATA\",\"outputData\":\"OUTDATA\"}",
  "context" : "default"
}
{
  "timestamp" : "2021-03-24T22:03:46",
  "level" : "INFO",
  "thread" : "http-nio-8088-exec-6",
  "logger" : "com.kakaobank.biz.bizlog.BizLog",
  "message" : "{\"service\":\"testService\",\"inputData\":\"INDATA\",\"outputData\":\"OUTDATA\"}",
  "context" : "default"
}
{
  "timestamp" : "2021-03-24T22:03:46",
  "level" : "INFO",
  "thread" : "http-nio-8088-exec-7",
  "logger" : "com.kakaobank.biz.bizlog.BizLog",
  "message" : "{\"service\":\"testService\",\"inputData\":\"INDATA\",\"outputData\":\"OUTDATA\"}",
  "context" : "default"
}
{
  "timestamp" : "2021-03-24T22:03:46",
  "level" : "INFO",
  "thread" : "http-nio-8088-exec-8",
  "logger" : "com.kakaobank.biz.bizlog.BizLog",
  "message" : "{\"service\":\"testService\",\"inputData\":\"INDATA\",\"outputData\":\"OUTDATA\"}",
  "context" : "default"
}
{
  "timestamp" : "2021-03-24T22:03:46",
  "level" : "INFO",
  "thread" : "http-nio-8088-exec-9",
  "logger" : "com.kakaobank.biz.bizlog.BizLog",
  "message" : "{\"service\":\"testService\",\"inputData\":\"INDATA\",\"outputData\":\"OUTDATA\"}",
  "context" : "default"
}
{
  "timestamp" : "2021-03-24T22:03:46",
  "level" : "INFO",
  "thread" : "http-nio-8088-exec-10",
  "logger" : "com.kakaobank.biz.bizlog.BizLog",
  "message" : "{\"service\":\"testService\",\"inputData\":\"INDATA\",\"outputData\":\"OUTDATA\"}",
  "context" : "default"
}
{
  "timestamp" : "2021-03-24T22:04:46",
  "level" : "INFO",
  "thread" : "http-nio-8088-exec-2",
  "logger" : "com.kakaobank.biz.bizlog.BizLog",
  "message" : "{\"service\":\"testService\",\"inputData\":\"INDATA\",\"outputData\":\"OUTDATA\"}",
  "context" : "default"
}
{
  "timestamp" : "2021-03-24T22:04:47",
  "level" : "INFO",
  "thread" : "http-nio-8088-exec-3",
  "logger" : "com.kakaobank.biz.bizlog.BizLog",
  "message" : "{\"service\":\"testService\",\"inputData\":\"INDATA\",\"outputData\":\"OUTDATA\"}",
  "context" : "default"
}
{
  "timestamp" : "2021-03-24T22:04:48",
  "level" : "INFO",
  "thread" : "http-nio-8088-exec-4",
  "logger" : "com.kakaobank.biz.bizlog.BizLog",
  "message" : "{\"service\":\"testService\",\"inputData\":\"INDATA\",\"outputData\":\"OUTDATA\"}",
  "context" : "default"
}
{
  "timestamp" : "2021-03-24T22:04:48",
  "level" : "INFO",
  "thread" : "http-nio-8088-exec-5",
  "logger" : "com.kakaobank.biz.bizlog.BizLog",
  "message" : "{\"service\":\"testService\",\"inputData\":\"INDATA\",\"outputData\":\"OUTDATA\"}",
  "context" : "default"
}
{
  "timestamp" : "2021-03-24T22:04:49",
  "level" : "INFO",
  "thread" : "http-nio-8088-exec-6",
  "logger" : "com.kakaobank.biz.bizlog.BizLog",
  "message" : "{\"service\":\"testService\",\"inputData\":\"INDATA\",\"outputData\":\"OUTDATA\"}",
  "context" : "default"
}
{
  "timestamp" : "2021-03-24T22:04:49",
  "level" : "INFO",
  "thread" : "http-nio-8088-exec-7",
  "logger" : "com.kakaobank.biz.bizlog.BizLog",
  "message" : "{\"service\":\"testService\",\"inputData\":\"INDATA\",\"outputData\":\"OUTDATA\"}",
  "context" : "default"
}
{
  "timestamp" : "2021-03-24T22:04:50",
  "level" : "INFO",
  "thread" : "http-nio-8088-exec-8",
  "logger" : "com.kakaobank.biz.bizlog.BizLog",
  "message" : "{\"service\":\"testService\",\"inputData\":\"INDATA\",\"outputData\":\"OUTDATA\"}",
  "context" : "default"
}
{
  "timestamp" : "2021-03-24T22:04:50",
  "level" : "INFO",
  "thread" : "http-nio-8088-exec-9",
  "logger" : "com.kakaobank.biz.bizlog.BizLog",
  "message" : "{\"service\":\"testService\",\"inputData\":\"INDATA\",\"outputData\":\"OUTDATA\"}",
  "context" : "default"
}
{
  "timestamp" : "2021-03-24T22:04:50",
  "level" : "INFO",
  "thread" : "http-nio-8088-exec-10",
  "logger" : "com.kakaobank.biz.bizlog.BizLog",
  "message" : "{\"service\":\"testService\",\"inputData\":\"INDATA\",\"outputData\":\"OUTDATA\"}",
  "context" : "default"
}
{
  "timestamp" : "2021-03-24T22:04:51",
  "level" : "INFO",
  "thread" : "http-nio-8088-exec-1",
  "logger" : "com.kakaobank.biz.bizlog.BizLog",
  "message" : "{\"service\":\"testService\",\"inputData\":\"INDATA\",\"outputData\":\"OUTDATA\"}",
  "context" : "default"
}
{
  "timestamp" : "2021-03-24T22:04:51",
  "level" : "INFO",
  "thread" : "http-nio-8088-exec-2",
  "logger" : "com.kakaobank.biz.bizlog.BizLog",
  "message" : "{\"service\":\"testService\",\"inputData\":\"INDATA\",\"outputData\":\"OUTDATA\"}",
  "context" : "default"
}
{
  "timestamp" : "2021-03-24T22:04:51",
  "level" : "INFO",
  "thread" : "http-nio-8088-exec-3",
  "logger" : "com.kakaobank.biz.bizlog.BizLog",
  "message" : "{\"service\":\"testService\",\"inputData\":\"INDATA\",\"outputData\":\"OUTDATA\"}",
  "context" : "default"
}
{
  "timestamp" : "2021-03-24T22:04:51",
  "level" : "INFO",
  "thread" : "http-nio-8088-exec-4",
  "logger" : "com.kakaobank.biz.bizlog.BizLog",
  "message" : "{\"service\":\"testService\",\"inputData\":\"INDATA\",\"outputData\":\"OUTDATA\"}",
  "context" : "default"
}
{
  "timestamp" : "2021-03-24T22:04:52",
  "level" : "INFO",
  "thread" : "http-nio-8088-exec-5",
  "logger" : "com.kakaobank.biz.bizlog.BizLog",
  "message" : "{\"service\":\"testService\",\"inputData\":\"INDATA\",\"outputData\":\"OUTDATA\"}",
  "context" : "default"
}
{
  "timestamp" : "2021-03-24T22:04:52",
  "level" : "INFO",
  "thread" : "http-nio-8088-exec-6",
  "logger" : "com.kakaobank.biz.bizlog.BizLog",
  "message" : "{\"service\":\"testService\",\"inputData\":\"INDATA\",\"outputData\":\"OUTDATA\"}",
  "context" : "default"
}
