{
  "timestamp" : "2021-03-24T18:16:58",
  "level" : "INFO",
  "thread" : "http-nio-8090-exec-1",
  "logger" : "com.kakaobank.out.outlog.OutLog",
  "message" : "{\"bizout\":{\"bizOutData\":[{\"rLong\":-6600097845019467059,\"rInt\":-43061427,\"rStr\":\"qCCsf6oUFg\",\"rBoolean\":true},{\"rLong\":4112330714138034247,\"rInt\":1847219979,\"rStr\":\"qCCsf6oUFg\",\"rBoolean\":true}],\"isSucc\":true},\"biz\":{\"outputData\":\"OUTDATA\",\"inputData\":\"INDATA\",\"service\":\"testService\"},\"common\":{\"responseType\":\"NM\",\"requestType\":\"R\",\"guid\":\"2021-rdpqiyzprop\",\"trxDatetim\":\"2021-03-24 18:16:58\"}}",
  "context" : "default"
}
{
  "timestamp" : "2021-03-24T18:16:59",
  "level" : "INFO",
  "thread" : "http-nio-8090-exec-2",
  "logger" : "com.kakaobank.out.outlog.OutLog",
  "message" : "{\"bizout\":{\"isSucc\":false},\"biz\":{\"outputData\":\"OUTDATA\",\"inputData\":\"INDATA\",\"service\":\"testService\"},\"common\":{\"responseType\":\"ER\",\"requestType\":\"R\",\"guid\":\"2021-dfqqx6gzb7\",\"trxDatetim\":\"2021-03-24 18:16:59\"}}",
  "context" : "default"
}
{
  "timestamp" : "2021-03-24T18:16:59",
  "level" : "INFO",
  "thread" : "http-nio-8090-exec-3",
  "logger" : "com.kakaobank.out.outlog.OutLog",
  "message" : "{\"bizout\":{\"bizOutData\":[{\"rLong\":-4773386561228381417,\"rInt\":-1495681997,\"rStr\":\"E4lSlPSCw1\",\"rBoolean\":false},{\"rLong\":-9098154516639631705,\"rInt\":164695389,\"rStr\":\"E4lSlPSCw1\",\"rBoolean\":false}],\"isSucc\":true},\"biz\":{\"outputData\":\"OUTDATA\",\"inputData\":\"INDATA\",\"service\":\"testService\"},\"common\":{\"responseType\":\"NM\",\"requestType\":\"R\",\"guid\":\"2021-u8xiz9qc4p\",\"trxDatetim\":\"2021-03-24 18:16:59\"}}",
  "context" : "default"
}
{
  "timestamp" : "2021-03-24T18:16:59",
  "level" : "INFO",
  "thread" : "http-nio-8090-exec-4",
  "logger" : "com.kakaobank.out.outlog.OutLog",
  "message" : "{\"bizout\":{\"bizOutData\":[{\"rLong\":-2432252240055711150,\"rInt\":-2103073013,\"rStr\":\"ikTDtBgsuO\",\"rBoolean\":true},{\"rLong\":-7132346347606360402,\"rInt\":555674447,\"rStr\":\"ikTDtBgsuO\",\"rBoolean\":false},{\"rLong\":590472337208373490,\"rInt\":-1276148072,\"rStr\":\"ikTDtBgsuO\",\"rBoolean\":false}],\"isSucc\":true},\"biz\":{\"outputData\":\"OUTDATA\",\"inputData\":\"INDATA\",\"service\":\"testService\"},\"common\":{\"responseType\":\"NM\",\"requestType\":\"R\",\"guid\":\"2021-ppa6czexvh9\",\"trxDatetim\":\"2021-03-24 18:16:59\"}}",
  "context" : "default"
}
{
  "timestamp" : "2021-03-24T18:17:00",
  "level" : "INFO",
  "thread" : "http-nio-8090-exec-5",
  "logger" : "com.kakaobank.out.outlog.OutLog",
  "message" : "{\"bizout\":{\"isSucc\":false},\"biz\":{\"outputData\":\"OUTDATA\",\"inputData\":\"INDATA\",\"service\":\"testService\"},\"common\":{\"responseType\":\"ER\",\"requestType\":\"R\",\"guid\":\"2021-juvu5gudg9g\",\"trxDatetim\":\"2021-03-24 18:17:00\"}}",
  "context" : "default"
}
{
  "timestamp" : "2021-03-24T18:17:00",
  "level" : "INFO",
  "thread" : "http-nio-8090-exec-6",
  "logger" : "com.kakaobank.out.outlog.OutLog",
  "message" : "{\"bizout\":{\"isSucc\":false},\"biz\":{\"outputData\":\"OUTDATA\",\"inputData\":\"INDATA\",\"service\":\"testService\"},\"common\":{\"responseType\":\"ER\",\"requestType\":\"R\",\"guid\":\"2021-ffsuhxb0z2h\",\"trxDatetim\":\"2021-03-24 18:17:00\"}}",
  "context" : "default"
}
{
  "timestamp" : "2021-03-24T18:17:00",
  "level" : "INFO",
  "thread" : "http-nio-8090-exec-7",
  "logger" : "com.kakaobank.out.outlog.OutLog",
  "message" : "{\"bizout\":{\"isSucc\":false},\"biz\":{\"outputData\":\"OUTDATA\",\"inputData\":\"INDATA\",\"service\":\"testService\"},\"common\":{\"responseType\":\"ER\",\"requestType\":\"R\",\"guid\":\"2021-l8umhwywbu\",\"trxDatetim\":\"2021-03-24 18:17:00\"}}",
  "context" : "default"
}
{
  "timestamp" : "2021-03-24T18:17:00",
  "level" : "INFO",
  "thread" : "http-nio-8090-exec-8",
  "logger" : "com.kakaobank.out.outlog.OutLog",
  "message" : "{\"bizout\":{\"bizOutData\":[{\"rLong\":1491551736293979869,\"rInt\":1177592894,\"rStr\":\"I39fY6GJ3w\",\"rBoolean\":false},{\"rLong\":-8692595488401092142,\"rInt\":8978343,\"rStr\":\"I39fY6GJ3w\",\"rBoolean\":true},{\"rLong\":-6915766225037352005,\"rInt\":1148070897,\"rStr\":\"I39fY6GJ3w\",\"rBoolean\":true}],\"isSucc\":true},\"biz\":{\"outputData\":\"OUTDATA\",\"inputData\":\"INDATA\",\"service\":\"testService\"},\"common\":{\"responseType\":\"NM\",\"requestType\":\"R\",\"guid\":\"2021-pzwui1q8ne\",\"trxDatetim\":\"2021-03-24 18:17:00\"}}",
  "context" : "default"
}
{
  "timestamp" : "2021-03-24T18:17:01",
  "level" : "INFO",
  "thread" : "http-nio-8090-exec-9",
  "logger" : "com.kakaobank.out.outlog.OutLog",
  "message" : "{\"bizout\":{\"bizOutData\":[{\"rLong\":7976937109409731219,\"rInt\":-415795337,\"rStr\":\"x0XdvdLVcF\",\"rBoolean\":false},{\"rLong\":-906190680784973304,\"rInt\":2105392073,\"rStr\":\"x0XdvdLVcF\",\"rBoolean\":true},{\"rLong\":3580738233784165671,\"rInt\":754436457,\"rStr\":\"x0XdvdLVcF\",\"rBoolean\":false}],\"isSucc\":true},\"biz\":{\"outputData\":\"OUTDATA\",\"inputData\":\"INDATA\",\"service\":\"testService\"},\"common\":{\"responseType\":\"NM\",\"requestType\":\"R\",\"guid\":\"2021-t476rbf4xg\",\"trxDatetim\":\"2021-03-24 18:17:01\"}}",
  "context" : "default"
}
{
  "timestamp" : "2021-03-24T18:17:01",
  "level" : "INFO",
  "thread" : "http-nio-8090-exec-10",
  "logger" : "com.kakaobank.out.outlog.OutLog",
  "message" : "{\"bizout\":{\"isSucc\":false},\"biz\":{\"outputData\":\"OUTDATA\",\"inputData\":\"INDATA\",\"service\":\"testService\"},\"common\":{\"responseType\":\"ER\",\"requestType\":\"R\",\"guid\":\"2021-8qngzrms3uc\",\"trxDatetim\":\"2021-03-24 18:17:01\"}}",
  "context" : "default"
}
{
  "timestamp" : "2021-03-24T18:17:02",
  "level" : "INFO",
  "thread" : "http-nio-8090-exec-1",
  "logger" : "com.kakaobank.out.outlog.OutLog",
  "message" : "{\"bizout\":{\"bizOutData\":[{\"rLong\":-9204315852404714225,\"rInt\":-1643038715,\"rStr\":\"2uS3npOtoZ\",\"rBoolean\":false},{\"rLong\":-3268835424451869170,\"rInt\":1081630254,\"rStr\":\"2uS3npOtoZ\",\"rBoolean\":false}],\"isSucc\":true},\"biz\":{\"outputData\":\"OUTDATA\",\"inputData\":\"INDATA\",\"service\":\"testService\"},\"common\":{\"responseType\":\"NM\",\"requestType\":\"R\",\"guid\":\"2021-k9m6rytgjl\",\"trxDatetim\":\"2021-03-24 18:17:02\"}}",
  "context" : "default"
}
{
  "timestamp" : "2021-03-24T18:17:02",
  "level" : "INFO",
  "thread" : "http-nio-8090-exec-2",
  "logger" : "com.kakaobank.out.outlog.OutLog",
  "message" : "{\"bizout\":{\"isSucc\":false},\"biz\":{\"outputData\":\"OUTDATA\",\"inputData\":\"INDATA\",\"service\":\"testService\"},\"common\":{\"responseType\":\"ER\",\"requestType\":\"R\",\"guid\":\"2021-0w20l71by5e\",\"trxDatetim\":\"2021-03-24 18:17:02\"}}",
  "context" : "default"
}
{
  "timestamp" : "2021-03-24T18:17:02",
  "level" : "INFO",
  "thread" : "http-nio-8090-exec-3",
  "logger" : "com.kakaobank.out.outlog.OutLog",
  "message" : "{\"bizout\":{\"isSucc\":false},\"biz\":{\"outputData\":\"OUTDATA\",\"inputData\":\"INDATA\",\"service\":\"testService\"},\"common\":{\"responseType\":\"ER\",\"requestType\":\"R\",\"guid\":\"2021-ifcg8xjihds\",\"trxDatetim\":\"2021-03-24 18:17:02\"}}",
  "context" : "default"
}
{
  "timestamp" : "2021-03-24T18:17:03",
  "level" : "INFO",
  "thread" : "http-nio-8090-exec-4",
  "logger" : "com.kakaobank.out.outlog.OutLog",
  "message" : "{\"bizout\":{\"isSucc\":false},\"biz\":{\"outputData\":\"OUTDATA\",\"inputData\":\"INDATA\",\"service\":\"testService\"},\"common\":{\"responseType\":\"ER\",\"requestType\":\"R\",\"guid\":\"2021-j78pma1ihs\",\"trxDatetim\":\"2021-03-24 18:17:03\"}}",
  "context" : "default"
}
{
  "timestamp" : "2021-03-24T18:17:03",
  "level" : "INFO",
  "thread" : "http-nio-8090-exec-5",
  "logger" : "com.kakaobank.out.outlog.OutLog",
  "message" : "{\"bizout\":{\"isSucc\":false},\"biz\":{\"outputData\":\"OUTDATA\",\"inputData\":\"INDATA\",\"service\":\"testService\"},\"common\":{\"responseType\":\"ER\",\"requestType\":\"R\",\"guid\":\"2021-kfw4718wk6q\",\"trxDatetim\":\"2021-03-24 18:17:03\"}}",
  "context" : "default"
}
