{
  "timestamp" : "2021-03-24T22:03:30",
  "level" : "INFO",
  "thread" : "http-nio-8090-exec-1",
  "logger" : "com.kakaobank.out.outlog.OutLog",
  "message" : "{\"bizout\":{\"bizOutData\":[{\"rLong\":-3393692519774977387,\"rInt\":754241928,\"rStr\":\"8Z2yFQt66b\",\"rBoolean\":false},{\"rLong\":2303222103781641173,\"rInt\":149607589,\"rStr\":\"8Z2yFQt66b\",\"rBoolean\":true},{\"rLong\":6660836927571454035,\"rInt\":2132259022,\"rStr\":\"8Z2yFQt66b\",\"rBoolean\":true}],\"isSucc\":true},\"biz\":{\"outputData\":\"OUTDATA\",\"inputData\":\"INDATA\",\"service\":\"testService\"},\"common\":{\"responseType\":\"NM\",\"requestType\":\"R\",\"guid\":\"2021-fknyglgrcle\",\"trxDatetim\":\"2021-03-24 22:03:30\"}}",
  "context" : "default"
}
{
  "timestamp" : "2021-03-24T22:03:31",
  "level" : "INFO",
  "thread" : "http-nio-8090-exec-2",
  "logger" : "com.kakaobank.out.outlog.OutLog",
  "message" : "{\"bizout\":{\"bizOutData\":[{\"rLong\":-2573496410472031541,\"rInt\":-1217610077,\"rStr\":\"Las1FiP6mp\",\"rBoolean\":false}],\"isSucc\":true},\"biz\":{\"outputData\":\"OUTDATA\",\"inputData\":\"INDATA\",\"service\":\"testService\"},\"common\":{\"responseType\":\"NM\",\"requestType\":\"R\",\"guid\":\"2021-q5e0f7ibtv\",\"trxDatetim\":\"2021-03-24 22:03:31\"}}",
  "context" : "default"
}
{
  "timestamp" : "2021-03-24T22:03:32",
  "level" : "INFO",
  "thread" : "http-nio-8090-exec-3",
  "logger" : "com.kakaobank.out.outlog.OutLog",
  "message" : "{\"bizout\":{\"bizOutData\":[{\"rLong\":-923842471962665929,\"rInt\":-325220192,\"rStr\":\"lBruA3tvLU\",\"rBoolean\":false},{\"rLong\":-3317520712250856158,\"rInt\":514986802,\"rStr\":\"lBruA3tvLU\",\"rBoolean\":false},{\"rLong\":3855323893046703577,\"rInt\":656295446,\"rStr\":\"lBruA3tvLU\",\"rBoolean\":true}],\"isSucc\":true},\"biz\":{\"outputData\":\"OUTDATA\",\"inputData\":\"INDATA\",\"service\":\"testService\"},\"common\":{\"responseType\":\"NM\",\"requestType\":\"R\",\"guid\":\"2021-rnw856eyu9s\",\"trxDatetim\":\"2021-03-24 22:03:32\"}}",
  "context" : "default"
}
{
  "timestamp" : "2021-03-24T22:03:32",
  "level" : "INFO",
  "thread" : "http-nio-8090-exec-4",
  "logger" : "com.kakaobank.out.outlog.OutLog",
  "message" : "{\"bizout\":{\"bizOutData\":[{\"rLong\":8093800356291181674,\"rInt\":53694358,\"rStr\":\"18usxAhLF8\",\"rBoolean\":true},{\"rLong\":-66075717000270195,\"rInt\":602439457,\"rStr\":\"18usxAhLF8\",\"rBoolean\":true},{\"rLong\":-5197798895721626184,\"rInt\":1957545729,\"rStr\":\"18usxAhLF8\",\"rBoolean\":false}],\"isSucc\":true},\"biz\":{\"outputData\":\"OUTDATA\",\"inputData\":\"INDATA\",\"service\":\"testService\"},\"common\":{\"responseType\":\"NM\",\"requestType\":\"R\",\"guid\":\"2021-85o1x2qh3gc\",\"trxDatetim\":\"2021-03-24 22:03:32\"}}",
  "context" : "default"
}
{
  "timestamp" : "2021-03-24T22:03:32",
  "level" : "INFO",
  "thread" : "http-nio-8090-exec-5",
  "logger" : "com.kakaobank.out.outlog.OutLog",
  "message" : "{\"bizout\":{\"isSucc\":false},\"biz\":{\"outputData\":\"OUTDATA\",\"inputData\":\"INDATA\",\"service\":\"testService\"},\"common\":{\"responseType\":\"ER\",\"requestType\":\"R\",\"guid\":\"2021-whw22yjuce\",\"trxDatetim\":\"2021-03-24 22:03:32\"}}",
  "context" : "default"
}
{
  "timestamp" : "2021-03-24T22:03:32",
  "level" : "INFO",
  "thread" : "http-nio-8090-exec-6",
  "logger" : "com.kakaobank.out.outlog.OutLog",
  "message" : "{\"bizout\":{\"isSucc\":false},\"biz\":{\"outputData\":\"OUTDATA\",\"inputData\":\"INDATA\",\"service\":\"testService\"},\"common\":{\"responseType\":\"ER\",\"requestType\":\"R\",\"guid\":\"2021-qnyav5zhewh\",\"trxDatetim\":\"2021-03-24 22:03:32\"}}",
  "context" : "default"
}
{
  "timestamp" : "2021-03-24T22:03:33",
  "level" : "INFO",
  "thread" : "http-nio-8090-exec-7",
  "logger" : "com.kakaobank.out.outlog.OutLog",
  "message" : "{\"bizout\":{\"isSucc\":false},\"biz\":{\"outputData\":\"OUTDATA\",\"inputData\":\"INDATA\",\"service\":\"testService\"},\"common\":{\"responseType\":\"ER\",\"requestType\":\"R\",\"guid\":\"2021-zjb54s9ccy\",\"trxDatetim\":\"2021-03-24 22:03:33\"}}",
  "context" : "default"
}
{
  "timestamp" : "2021-03-24T22:03:33",
  "level" : "INFO",
  "thread" : "http-nio-8090-exec-8",
  "logger" : "com.kakaobank.out.outlog.OutLog",
  "message" : "{\"bizout\":{\"isSucc\":false},\"biz\":{\"outputData\":\"OUTDATA\",\"inputData\":\"INDATA\",\"service\":\"testService\"},\"common\":{\"responseType\":\"ER\",\"requestType\":\"R\",\"guid\":\"2021-p2n47ha9x6h\",\"trxDatetim\":\"2021-03-24 22:03:33\"}}",
  "context" : "default"
}
{
  "timestamp" : "2021-03-24T22:03:33",
  "level" : "INFO",
  "thread" : "http-nio-8090-exec-9",
  "logger" : "com.kakaobank.out.outlog.OutLog",
  "message" : "{\"bizout\":{\"bizOutData\":[{\"rLong\":4777201925782618242,\"rInt\":-27525510,\"rStr\":\"UvlSnskgs8\",\"rBoolean\":true},{\"rLong\":4348896856291291358,\"rInt\":1062501203,\"rStr\":\"UvlSnskgs8\",\"rBoolean\":true},{\"rLong\":4906548963883559454,\"rInt\":-1298312687,\"rStr\":\"UvlSnskgs8\",\"rBoolean\":true}],\"isSucc\":true},\"biz\":{\"outputData\":\"OUTDATA\",\"inputData\":\"INDATA\",\"service\":\"testService\"},\"common\":{\"responseType\":\"NM\",\"requestType\":\"R\",\"guid\":\"2021-ylactgpslk\",\"trxDatetim\":\"2021-03-24 22:03:33\"}}",
  "context" : "default"
}
{
  "timestamp" : "2021-03-24T22:03:33",
  "level" : "INFO",
  "thread" : "http-nio-8090-exec-10",
  "logger" : "com.kakaobank.out.outlog.OutLog",
  "message" : "{\"bizout\":{\"isSucc\":false},\"biz\":{\"outputData\":\"OUTDATA\",\"inputData\":\"INDATA\",\"service\":\"testService\"},\"common\":{\"responseType\":\"ER\",\"requestType\":\"R\",\"guid\":\"2021-amum16du7w7\",\"trxDatetim\":\"2021-03-24 22:03:33\"}}",
  "context" : "default"
}
{
  "timestamp" : "2021-03-24T22:03:33",
  "level" : "INFO",
  "thread" : "http-nio-8090-exec-1",
  "logger" : "com.kakaobank.out.outlog.OutLog",
  "message" : "{\"bizout\":{\"isSucc\":false},\"biz\":{\"outputData\":\"OUTDATA\",\"inputData\":\"INDATA\",\"service\":\"testService\"},\"common\":{\"responseType\":\"ER\",\"requestType\":\"R\",\"guid\":\"2021-qg7t31cnfpd\",\"trxDatetim\":\"2021-03-24 22:03:33\"}}",
  "context" : "default"
}
{
  "timestamp" : "2021-03-24T22:03:33",
  "level" : "INFO",
  "thread" : "http-nio-8090-exec-2",
  "logger" : "com.kakaobank.out.outlog.OutLog",
  "message" : "{\"bizout\":{\"bizOutData\":[{\"rLong\":-5287809205742357855,\"rInt\":377367495,\"rStr\":\"rBvhAVs3wC\",\"rBoolean\":true}],\"isSucc\":true},\"biz\":{\"outputData\":\"OUTDATA\",\"inputData\":\"INDATA\",\"service\":\"testService\"},\"common\":{\"responseType\":\"NM\",\"requestType\":\"R\",\"guid\":\"2021-ns48322flzg\",\"trxDatetim\":\"2021-03-24 22:03:33\"}}",
  "context" : "default"
}
{
  "timestamp" : "2021-03-24T22:03:34",
  "level" : "INFO",
  "thread" : "http-nio-8090-exec-3",
  "logger" : "com.kakaobank.out.outlog.OutLog",
  "message" : "{\"bizout\":{\"bizOutData\":[{\"rLong\":-8700916333337099526,\"rInt\":-1332957502,\"rStr\":\"1lYcGOSSs6\",\"rBoolean\":false},{\"rLong\":8752899942840076336,\"rInt\":-1243562207,\"rStr\":\"1lYcGOSSs6\",\"rBoolean\":false},{\"rLong\":468864169004641662,\"rInt\":-1150485321,\"rStr\":\"1lYcGOSSs6\",\"rBoolean\":false}],\"isSucc\":true},\"biz\":{\"outputData\":\"OUTDATA\",\"inputData\":\"INDATA\",\"service\":\"testService\"},\"common\":{\"responseType\":\"NM\",\"requestType\":\"R\",\"guid\":\"2021-qlflfsgc2kf\",\"trxDatetim\":\"2021-03-24 22:03:34\"}}",
  "context" : "default"
}
{
  "timestamp" : "2021-03-24T22:03:34",
  "level" : "INFO",
  "thread" : "http-nio-8090-exec-4",
  "logger" : "com.kakaobank.out.outlog.OutLog",
  "message" : "{\"bizout\":{\"bizOutData\":[{\"rLong\":-3006249739917471878,\"rInt\":-404762162,\"rStr\":\"D36QNpEvuf\",\"rBoolean\":true}],\"isSucc\":true},\"biz\":{\"outputData\":\"OUTDATA\",\"inputData\":\"INDATA\",\"service\":\"testService\"},\"common\":{\"responseType\":\"NM\",\"requestType\":\"R\",\"guid\":\"2021-pwnd0i40dm9\",\"trxDatetim\":\"2021-03-24 22:03:34\"}}",
  "context" : "default"
}
{
  "timestamp" : "2021-03-24T22:03:34",
  "level" : "INFO",
  "thread" : "http-nio-8090-exec-5",
  "logger" : "com.kakaobank.out.outlog.OutLog",
  "message" : "{\"bizout\":{\"isSucc\":false},\"biz\":{\"outputData\":\"OUTDATA\",\"inputData\":\"INDATA\",\"service\":\"testService\"},\"common\":{\"responseType\":\"ER\",\"requestType\":\"R\",\"guid\":\"2021-q123o6sts1o\",\"trxDatetim\":\"2021-03-24 22:03:34\"}}",
  "context" : "default"
}
{
  "timestamp" : "2021-03-24T22:03:34",
  "level" : "INFO",
  "thread" : "http-nio-8090-exec-6",
  "logger" : "com.kakaobank.out.outlog.OutLog",
  "message" : "{\"bizout\":{\"bizOutData\":[{\"rLong\":3331801148913497750,\"rInt\":2118687668,\"rStr\":\"xh9zaioxVV\",\"rBoolean\":false},{\"rLong\":5074826270848927420,\"rInt\":-910203590,\"rStr\":\"xh9zaioxVV\",\"rBoolean\":false}],\"isSucc\":true},\"biz\":{\"outputData\":\"OUTDATA\",\"inputData\":\"INDATA\",\"service\":\"testService\"},\"common\":{\"responseType\":\"NM\",\"requestType\":\"R\",\"guid\":\"2021-66eyy0q1ep\",\"trxDatetim\":\"2021-03-24 22:03:34\"}}",
  "context" : "default"
}
{
  "timestamp" : "2021-03-24T22:03:34",
  "level" : "INFO",
  "thread" : "http-nio-8090-exec-7",
  "logger" : "com.kakaobank.out.outlog.OutLog",
  "message" : "{\"bizout\":{\"isSucc\":false},\"biz\":{\"outputData\":\"OUTDATA\",\"inputData\":\"INDATA\",\"service\":\"testService\"},\"common\":{\"responseType\":\"ER\",\"requestType\":\"R\",\"guid\":\"2021-46bnn7a0125\",\"trxDatetim\":\"2021-03-24 22:03:34\"}}",
  "context" : "default"
}
{
  "timestamp" : "2021-03-24T22:03:34",
  "level" : "INFO",
  "thread" : "http-nio-8090-exec-8",
  "logger" : "com.kakaobank.out.outlog.OutLog",
  "message" : "{\"bizout\":{\"bizOutData\":[{\"rLong\":-7735153457106039291,\"rInt\":1425356313,\"rStr\":\"XqHCKir0Cb\",\"rBoolean\":true}],\"isSucc\":true},\"biz\":{\"outputData\":\"OUTDATA\",\"inputData\":\"INDATA\",\"service\":\"testService\"},\"common\":{\"responseType\":\"NM\",\"requestType\":\"R\",\"guid\":\"2021-c2998ryi106\",\"trxDatetim\":\"2021-03-24 22:03:34\"}}",
  "context" : "default"
}
{
  "timestamp" : "2021-03-24T22:03:34",
  "level" : "INFO",
  "thread" : "http-nio-8090-exec-9",
  "logger" : "com.kakaobank.out.outlog.OutLog",
  "message" : "{\"bizout\":{\"isSucc\":false},\"biz\":{\"outputData\":\"OUTDATA\",\"inputData\":\"INDATA\",\"service\":\"testService\"},\"common\":{\"responseType\":\"ER\",\"requestType\":\"R\",\"guid\":\"2021-7viowz35pcq\",\"trxDatetim\":\"2021-03-24 22:03:34\"}}",
  "context" : "default"
}
{
  "timestamp" : "2021-03-24T22:03:35",
  "level" : "INFO",
  "thread" : "http-nio-8090-exec-10",
  "logger" : "com.kakaobank.out.outlog.OutLog",
  "message" : "{\"bizout\":{\"isSucc\":false},\"biz\":{\"outputData\":\"OUTDATA\",\"inputData\":\"INDATA\",\"service\":\"testService\"},\"common\":{\"responseType\":\"ER\",\"requestType\":\"R\",\"guid\":\"2021-4hrtyh0meqf\",\"trxDatetim\":\"2021-03-24 22:03:35\"}}",
  "context" : "default"
}
{
  "timestamp" : "2021-03-24T22:03:35",
  "level" : "INFO",
  "thread" : "http-nio-8090-exec-1",
  "logger" : "com.kakaobank.out.outlog.OutLog",
  "message" : "{\"bizout\":{\"bizOutData\":[{\"rLong\":7004268701957979182,\"rInt\":1441212424,\"rStr\":\"Nsf2M5DY11\",\"rBoolean\":false},{\"rLong\":-8806995237743936938,\"rInt\":549394475,\"rStr\":\"Nsf2M5DY11\",\"rBoolean\":false}],\"isSucc\":true},\"biz\":{\"outputData\":\"OUTDATA\",\"inputData\":\"INDATA\",\"service\":\"testService\"},\"common\":{\"responseType\":\"NM\",\"requestType\":\"R\",\"guid\":\"2021-08r9mpnwngh\",\"trxDatetim\":\"2021-03-24 22:03:35\"}}",
  "context" : "default"
}
{
  "timestamp" : "2021-03-24T22:03:35",
  "level" : "INFO",
  "thread" : "http-nio-8090-exec-2",
  "logger" : "com.kakaobank.out.outlog.OutLog",
  "message" : "{\"bizout\":{\"isSucc\":false},\"biz\":{\"outputData\":\"OUTDATA\",\"inputData\":\"INDATA\",\"service\":\"testService\"},\"common\":{\"responseType\":\"ER\",\"requestType\":\"R\",\"guid\":\"2021-ei98ox85orj\",\"trxDatetim\":\"2021-03-24 22:03:35\"}}",
  "context" : "default"
}
{
  "timestamp" : "2021-03-24T22:03:35",
  "level" : "INFO",
  "thread" : "http-nio-8090-exec-3",
  "logger" : "com.kakaobank.out.outlog.OutLog",
  "message" : "{\"bizout\":{\"bizOutData\":[{\"rLong\":4320743199083400449,\"rInt\":-324479951,\"rStr\":\"ShF9tQLfBI\",\"rBoolean\":false},{\"rLong\":1498355467875174465,\"rInt\":-1482370059,\"rStr\":\"ShF9tQLfBI\",\"rBoolean\":true}],\"isSucc\":true},\"biz\":{\"outputData\":\"OUTDATA\",\"inputData\":\"INDATA\",\"service\":\"testService\"},\"common\":{\"responseType\":\"NM\",\"requestType\":\"R\",\"guid\":\"2021-xyyfqxvbvf\",\"trxDatetim\":\"2021-03-24 22:03:35\"}}",
  "context" : "default"
}
{
  "timestamp" : "2021-03-24T22:03:36",
  "level" : "INFO",
  "thread" : "http-nio-8090-exec-4",
  "logger" : "com.kakaobank.out.outlog.OutLog",
  "message" : "{\"bizout\":{\"isSucc\":false},\"biz\":{\"outputData\":\"OUTDATA\",\"inputData\":\"INDATA\",\"service\":\"testService\"},\"common\":{\"responseType\":\"ER\",\"requestType\":\"R\",\"guid\":\"2021-5ezzko89zk\",\"trxDatetim\":\"2021-03-24 22:03:36\"}}",
  "context" : "default"
}
{
  "timestamp" : "2021-03-24T22:03:36",
  "level" : "INFO",
  "thread" : "http-nio-8090-exec-5",
  "logger" : "com.kakaobank.out.outlog.OutLog",
  "message" : "{\"bizout\":{\"isSucc\":false},\"biz\":{\"outputData\":\"OUTDATA\",\"inputData\":\"INDATA\",\"service\":\"testService\"},\"common\":{\"responseType\":\"ER\",\"requestType\":\"R\",\"guid\":\"2021-q9xuld83n5\",\"trxDatetim\":\"2021-03-24 22:03:36\"}}",
  "context" : "default"
}
{
  "timestamp" : "2021-03-24T22:03:36",
  "level" : "INFO",
  "thread" : "http-nio-8090-exec-6",
  "logger" : "com.kakaobank.out.outlog.OutLog",
  "message" : "{\"bizout\":{\"bizOutData\":[{\"rLong\":-4699116658590448322,\"rInt\":-1774264408,\"rStr\":\"YH83pazv9P\",\"rBoolean\":true},{\"rLong\":-5006203244188243236,\"rInt\":-369577661,\"rStr\":\"YH83pazv9P\",\"rBoolean\":true}],\"isSucc\":true},\"biz\":{\"outputData\":\"OUTDATA\",\"inputData\":\"INDATA\",\"service\":\"testService\"},\"common\":{\"responseType\":\"NM\",\"requestType\":\"R\",\"guid\":\"2021-28cwz7f4wjk\",\"trxDatetim\":\"2021-03-24 22:03:36\"}}",
  "context" : "default"
}
{
  "timestamp" : "2021-03-24T22:03:36",
  "level" : "INFO",
  "thread" : "http-nio-8090-exec-7",
  "logger" : "com.kakaobank.out.outlog.OutLog",
  "message" : "{\"bizout\":{\"bizOutData\":[{\"rLong\":-922458863814035451,\"rInt\":1910729920,\"rStr\":\"I5eNHiXK78\",\"rBoolean\":true},{\"rLong\":-7689072227056715901,\"rInt\":968904640,\"rStr\":\"I5eNHiXK78\",\"rBoolean\":true}],\"isSucc\":true},\"biz\":{\"outputData\":\"OUTDATA\",\"inputData\":\"INDATA\",\"service\":\"testService\"},\"common\":{\"responseType\":\"NM\",\"requestType\":\"R\",\"guid\":\"2021-b33hkg3wked\",\"trxDatetim\":\"2021-03-24 22:03:36\"}}",
  "context" : "default"
}
{
  "timestamp" : "2021-03-24T22:03:36",
  "level" : "INFO",
  "thread" : "http-nio-8090-exec-8",
  "logger" : "com.kakaobank.out.outlog.OutLog",
  "message" : "{\"bizout\":{\"bizOutData\":[{\"rLong\":-3533298200831879654,\"rInt\":-615477833,\"rStr\":\"zwHQdqNfYV\",\"rBoolean\":false}],\"isSucc\":true},\"biz\":{\"outputData\":\"OUTDATA\",\"inputData\":\"INDATA\",\"service\":\"testService\"},\"common\":{\"responseType\":\"NM\",\"requestType\":\"R\",\"guid\":\"2021-h0bmam4qf0c\",\"trxDatetim\":\"2021-03-24 22:03:36\"}}",
  "context" : "default"
}
{
  "timestamp" : "2021-03-24T22:03:37",
  "level" : "INFO",
  "thread" : "http-nio-8090-exec-9",
  "logger" : "com.kakaobank.out.outlog.OutLog",
  "message" : "{\"bizout\":{\"isSucc\":false},\"biz\":{\"outputData\":\"OUTDATA\",\"inputData\":\"INDATA\",\"service\":\"testService\"},\"common\":{\"responseType\":\"ER\",\"requestType\":\"R\",\"guid\":\"2021-27yy52ifam3\",\"trxDatetim\":\"2021-03-24 22:03:37\"}}",
  "context" : "default"
}
{
  "timestamp" : "2021-03-24T22:03:37",
  "level" : "INFO",
  "thread" : "http-nio-8090-exec-10",
  "logger" : "com.kakaobank.out.outlog.OutLog",
  "message" : "{\"bizout\":{\"bizOutData\":[{\"rLong\":8521411195226067064,\"rInt\":2060125340,\"rStr\":\"kJlSbtjKst\",\"rBoolean\":false},{\"rLong\":-9143611931085609602,\"rInt\":-708760830,\"rStr\":\"kJlSbtjKst\",\"rBoolean\":false},{\"rLong\":8769482132182454060,\"rInt\":-287540088,\"rStr\":\"kJlSbtjKst\",\"rBoolean\":false}],\"isSucc\":true},\"biz\":{\"outputData\":\"OUTDATA\",\"inputData\":\"INDATA\",\"service\":\"testService\"},\"common\":{\"responseType\":\"NM\",\"requestType\":\"R\",\"guid\":\"2021-dro2cm9pqmv\",\"trxDatetim\":\"2021-03-24 22:03:37\"}}",
  "context" : "default"
}
{
  "timestamp" : "2021-03-24T22:03:37",
  "level" : "INFO",
  "thread" : "http-nio-8090-exec-1",
  "logger" : "com.kakaobank.out.outlog.OutLog",
  "message" : "{\"bizout\":{\"isSucc\":false},\"biz\":{\"outputData\":\"OUTDATA\",\"inputData\":\"INDATA\",\"service\":\"testService\"},\"common\":{\"responseType\":\"ER\",\"requestType\":\"R\",\"guid\":\"2021-6zvpnmo9cz\",\"trxDatetim\":\"2021-03-24 22:03:37\"}}",
  "context" : "default"
}
{
  "timestamp" : "2021-03-24T22:03:37",
  "level" : "INFO",
  "thread" : "http-nio-8090-exec-2",
  "logger" : "com.kakaobank.out.outlog.OutLog",
  "message" : "{\"bizout\":{\"bizOutData\":[{\"rLong\":-7680923045702986877,\"rInt\":1205231704,\"rStr\":\"GIKakrJxaj\",\"rBoolean\":false}],\"isSucc\":true},\"biz\":{\"outputData\":\"OUTDATA\",\"inputData\":\"INDATA\",\"service\":\"testService\"},\"common\":{\"responseType\":\"NM\",\"requestType\":\"R\",\"guid\":\"2021-1q7t7slvfm8\",\"trxDatetim\":\"2021-03-24 22:03:37\"}}",
  "context" : "default"
}
{
  "timestamp" : "2021-03-24T22:03:37",
  "level" : "INFO",
  "thread" : "http-nio-8090-exec-3",
  "logger" : "com.kakaobank.out.outlog.OutLog",
  "message" : "{\"bizout\":{\"bizOutData\":[{\"rLong\":2665355178915907767,\"rInt\":607068412,\"rStr\":\"yZH72v5WCW\",\"rBoolean\":false},{\"rLong\":4435697896887209273,\"rInt\":1722340046,\"rStr\":\"yZH72v5WCW\",\"rBoolean\":false}],\"isSucc\":true},\"biz\":{\"outputData\":\"OUTDATA\",\"inputData\":\"INDATA\",\"service\":\"testService\"},\"common\":{\"responseType\":\"NM\",\"requestType\":\"R\",\"guid\":\"2021-f5gfkr7m7vm\",\"trxDatetim\":\"2021-03-24 22:03:37\"}}",
  "context" : "default"
}
{
  "timestamp" : "2021-03-24T22:03:37",
  "level" : "INFO",
  "thread" : "http-nio-8090-exec-4",
  "logger" : "com.kakaobank.out.outlog.OutLog",
  "message" : "{\"bizout\":{\"isSucc\":false},\"biz\":{\"outputData\":\"OUTDATA\",\"inputData\":\"INDATA\",\"service\":\"testService\"},\"common\":{\"responseType\":\"ER\",\"requestType\":\"R\",\"guid\":\"2021-cdihgwosza6\",\"trxDatetim\":\"2021-03-24 22:03:37\"}}",
  "context" : "default"
}
{
  "timestamp" : "2021-03-24T22:03:38",
  "level" : "INFO",
  "thread" : "http-nio-8090-exec-5",
  "logger" : "com.kakaobank.out.outlog.OutLog",
  "message" : "{\"bizout\":{\"bizOutData\":[{\"rLong\":2366603340732422939,\"rInt\":-554778175,\"rStr\":\"Magr8HdLmk\",\"rBoolean\":false},{\"rLong\":8438090574379283310,\"rInt\":1953006876,\"rStr\":\"Magr8HdLmk\",\"rBoolean\":true},{\"rLong\":4702834112279836513,\"rInt\":29556581,\"rStr\":\"Magr8HdLmk\",\"rBoolean\":false}],\"isSucc\":true},\"biz\":{\"outputData\":\"OUTDATA\",\"inputData\":\"INDATA\",\"service\":\"testService\"},\"common\":{\"responseType\":\"NM\",\"requestType\":\"R\",\"guid\":\"2021-yxxobhlj2sm\",\"trxDatetim\":\"2021-03-24 22:03:38\"}}",
  "context" : "default"
}
{
  "timestamp" : "2021-03-24T22:03:38",
  "level" : "INFO",
  "thread" : "http-nio-8090-exec-6",
  "logger" : "com.kakaobank.out.outlog.OutLog",
  "message" : "{\"bizout\":{\"isSucc\":false},\"biz\":{\"outputData\":\"OUTDATA\",\"inputData\":\"INDATA\",\"service\":\"testService\"},\"common\":{\"responseType\":\"ER\",\"requestType\":\"R\",\"guid\":\"2021-v6lomytj56e\",\"trxDatetim\":\"2021-03-24 22:03:38\"}}",
  "context" : "default"
}
{
  "timestamp" : "2021-03-24T22:03:38",
  "level" : "INFO",
  "thread" : "http-nio-8090-exec-7",
  "logger" : "com.kakaobank.out.outlog.OutLog",
  "message" : "{\"bizout\":{\"isSucc\":false},\"biz\":{\"outputData\":\"OUTDATA\",\"inputData\":\"INDATA\",\"service\":\"testService\"},\"common\":{\"responseType\":\"ER\",\"requestType\":\"R\",\"guid\":\"2021-d1zhhhx99r\",\"trxDatetim\":\"2021-03-24 22:03:38\"}}",
  "context" : "default"
}
{
  "timestamp" : "2021-03-24T22:03:38",
  "level" : "INFO",
  "thread" : "http-nio-8090-exec-8",
  "logger" : "com.kakaobank.out.outlog.OutLog",
  "message" : "{\"bizout\":{\"bizOutData\":[{\"rLong\":1992703047335890567,\"rInt\":1339890315,\"rStr\":\"tRSvrnSEEK\",\"rBoolean\":false}],\"isSucc\":true},\"biz\":{\"outputData\":\"OUTDATA\",\"inputData\":\"INDATA\",\"service\":\"testService\"},\"common\":{\"responseType\":\"NM\",\"requestType\":\"R\",\"guid\":\"2021-pz16eq65kkq\",\"trxDatetim\":\"2021-03-24 22:03:38\"}}",
  "context" : "default"
}
{
  "timestamp" : "2021-03-24T22:03:38",
  "level" : "INFO",
  "thread" : "http-nio-8090-exec-9",
  "logger" : "com.kakaobank.out.outlog.OutLog",
  "message" : "{\"bizout\":{\"bizOutData\":[{\"rLong\":30131550721611499,\"rInt\":1154348731,\"rStr\":\"EaGxFxcBqk\",\"rBoolean\":true}],\"isSucc\":true},\"biz\":{\"outputData\":\"OUTDATA\",\"inputData\":\"INDATA\",\"service\":\"testService\"},\"common\":{\"responseType\":\"NM\",\"requestType\":\"R\",\"guid\":\"2021-m4gcp01m9t\",\"trxDatetim\":\"2021-03-24 22:03:38\"}}",
  "context" : "default"
}
{
  "timestamp" : "2021-03-24T22:03:38",
  "level" : "INFO",
  "thread" : "http-nio-8090-exec-10",
  "logger" : "com.kakaobank.out.outlog.OutLog",
  "message" : "{\"bizout\":{\"bizOutData\":[{\"rLong\":6119276653351259398,\"rInt\":84227778,\"rStr\":\"si20h60l1J\",\"rBoolean\":false},{\"rLong\":-4822286867651461021,\"rInt\":1808296479,\"rStr\":\"si20h60l1J\",\"rBoolean\":false},{\"rLong\":-5011097306359042604,\"rInt\":-1873920693,\"rStr\":\"si20h60l1J\",\"rBoolean\":false}],\"isSucc\":true},\"biz\":{\"outputData\":\"OUTDATA\",\"inputData\":\"INDATA\",\"service\":\"testService\"},\"common\":{\"responseType\":\"NM\",\"requestType\":\"R\",\"guid\":\"2021-taes954stmj\",\"trxDatetim\":\"2021-03-24 22:03:38\"}}",
  "context" : "default"
}
{
  "timestamp" : "2021-03-24T22:03:39",
  "level" : "INFO",
  "thread" : "http-nio-8090-exec-1",
  "logger" : "com.kakaobank.out.outlog.OutLog",
  "message" : "{\"bizout\":{\"isSucc\":false},\"biz\":{\"outputData\":\"OUTDATA\",\"inputData\":\"INDATA\",\"service\":\"testService\"},\"common\":{\"responseType\":\"ER\",\"requestType\":\"R\",\"guid\":\"2021-s6vqsabyfxl\",\"trxDatetim\":\"2021-03-24 22:03:39\"}}",
  "context" : "default"
}
{
  "timestamp" : "2021-03-24T22:03:39",
  "level" : "INFO",
  "thread" : "http-nio-8090-exec-2",
  "logger" : "com.kakaobank.out.outlog.OutLog",
  "message" : "{\"bizout\":{\"isSucc\":false},\"biz\":{\"outputData\":\"OUTDATA\",\"inputData\":\"INDATA\",\"service\":\"testService\"},\"common\":{\"responseType\":\"ER\",\"requestType\":\"R\",\"guid\":\"2021-e7lwbvvu0ta\",\"trxDatetim\":\"2021-03-24 22:03:39\"}}",
  "context" : "default"
}
{
  "timestamp" : "2021-03-24T22:03:39",
  "level" : "INFO",
  "thread" : "http-nio-8090-exec-3",
  "logger" : "com.kakaobank.out.outlog.OutLog",
  "message" : "{\"bizout\":{\"isSucc\":false},\"biz\":{\"outputData\":\"OUTDATA\",\"inputData\":\"INDATA\",\"service\":\"testService\"},\"common\":{\"responseType\":\"ER\",\"requestType\":\"R\",\"guid\":\"2021-bvnv4dkd06\",\"trxDatetim\":\"2021-03-24 22:03:39\"}}",
  "context" : "default"
}
{
  "timestamp" : "2021-03-24T22:03:45",
  "level" : "INFO",
  "thread" : "http-nio-8090-exec-4",
  "logger" : "com.kakaobank.out.outlog.OutLog",
  "message" : "{\"bizout\":{\"bizOutData\":[{\"rLong\":6813719847733711141,\"rInt\":769234194,\"rStr\":\"pf9VYYLRap\",\"rBoolean\":false},{\"rLong\":9129674000822104248,\"rInt\":-320461363,\"rStr\":\"pf9VYYLRap\",\"rBoolean\":false}],\"isSucc\":true},\"biz\":{\"outputData\":\"OUTDATA\",\"inputData\":\"INDATA\",\"service\":\"testService\"},\"common\":{\"responseType\":\"NM\",\"requestType\":\"R\",\"guid\":\"2021-gfcr1xm5pe7\",\"trxDatetim\":\"2021-03-24 22:03:45\"}}",
  "context" : "default"
}
{
  "timestamp" : "2021-03-24T22:03:45",
  "level" : "INFO",
  "thread" : "http-nio-8090-exec-5",
  "logger" : "com.kakaobank.out.outlog.OutLog",
  "message" : "{\"bizout\":{\"isSucc\":false},\"biz\":{\"outputData\":\"OUTDATA\",\"inputData\":\"INDATA\",\"service\":\"testService\"},\"common\":{\"responseType\":\"ER\",\"requestType\":\"R\",\"guid\":\"2021-0gfh1kmuz9o\",\"trxDatetim\":\"2021-03-24 22:03:45\"}}",
  "context" : "default"
}
{
  "timestamp" : "2021-03-24T22:03:46",
  "level" : "INFO",
  "thread" : "http-nio-8090-exec-6",
  "logger" : "com.kakaobank.out.outlog.OutLog",
  "message" : "{\"bizout\":{\"isSucc\":false},\"biz\":{\"outputData\":\"OUTDATA\",\"inputData\":\"INDATA\",\"service\":\"testService\"},\"common\":{\"responseType\":\"ER\",\"requestType\":\"R\",\"guid\":\"2021-dlhwj39xait\",\"trxDatetim\":\"2021-03-24 22:03:46\"}}",
  "context" : "default"
}
{
  "timestamp" : "2021-03-24T22:03:46",
  "level" : "INFO",
  "thread" : "http-nio-8090-exec-7",
  "logger" : "com.kakaobank.out.outlog.OutLog",
  "message" : "{\"bizout\":{\"bizOutData\":[{\"rLong\":-1960079129196900902,\"rInt\":-1761596764,\"rStr\":\"AMMi31Nq6I\",\"rBoolean\":true}],\"isSucc\":true},\"biz\":{\"outputData\":\"OUTDATA\",\"inputData\":\"INDATA\",\"service\":\"testService\"},\"common\":{\"responseType\":\"NM\",\"requestType\":\"R\",\"guid\":\"2021-zvf6moroxmk\",\"trxDatetim\":\"2021-03-24 22:03:46\"}}",
  "context" : "default"
}
{
  "timestamp" : "2021-03-24T22:03:46",
  "level" : "INFO",
  "thread" : "http-nio-8090-exec-8",
  "logger" : "com.kakaobank.out.outlog.OutLog",
  "message" : "{\"bizout\":{\"isSucc\":false},\"biz\":{\"outputData\":\"OUTDATA\",\"inputData\":\"INDATA\",\"service\":\"testService\"},\"common\":{\"responseType\":\"ER\",\"requestType\":\"R\",\"guid\":\"2021-hayn6hqpa9e\",\"trxDatetim\":\"2021-03-24 22:03:46\"}}",
  "context" : "default"
}
{
  "timestamp" : "2021-03-24T22:03:46",
  "level" : "INFO",
  "thread" : "http-nio-8090-exec-9",
  "logger" : "com.kakaobank.out.outlog.OutLog",
  "message" : "{\"bizout\":{\"isSucc\":false},\"biz\":{\"outputData\":\"OUTDATA\",\"inputData\":\"INDATA\",\"service\":\"testService\"},\"common\":{\"responseType\":\"ER\",\"requestType\":\"R\",\"guid\":\"2021-zu61rrggohl\",\"trxDatetim\":\"2021-03-24 22:03:46\"}}",
  "context" : "default"
}
{
  "timestamp" : "2021-03-24T22:03:46",
  "level" : "INFO",
  "thread" : "http-nio-8090-exec-10",
  "logger" : "com.kakaobank.out.outlog.OutLog",
  "message" : "{\"bizout\":{\"isSucc\":false},\"biz\":{\"outputData\":\"OUTDATA\",\"inputData\":\"INDATA\",\"service\":\"testService\"},\"common\":{\"responseType\":\"ER\",\"requestType\":\"R\",\"guid\":\"2021-o6kckdit02\",\"trxDatetim\":\"2021-03-24 22:03:46\"}}",
  "context" : "default"
}
{
  "timestamp" : "2021-03-24T22:04:46",
  "level" : "INFO",
  "thread" : "http-nio-8090-exec-2",
  "logger" : "com.kakaobank.out.outlog.OutLog",
  "message" : "{\"bizout\":{\"isSucc\":false},\"biz\":{\"outputData\":\"OUTDATA\",\"inputData\":\"INDATA\",\"service\":\"testService\"},\"common\":{\"responseType\":\"ER\",\"requestType\":\"R\",\"guid\":\"2021-5e81cj4198c\",\"trxDatetim\":\"2021-03-24 22:04:46\"}}",
  "context" : "default"
}
{
  "timestamp" : "2021-03-24T22:04:47",
  "level" : "INFO",
  "thread" : "http-nio-8090-exec-3",
  "logger" : "com.kakaobank.out.outlog.OutLog",
  "message" : "{\"bizout\":{\"isSucc\":false},\"biz\":{\"outputData\":\"OUTDATA\",\"inputData\":\"INDATA\",\"service\":\"testService\"},\"common\":{\"responseType\":\"ER\",\"requestType\":\"R\",\"guid\":\"2021-7t7bfntrs2m\",\"trxDatetim\":\"2021-03-24 22:04:47\"}}",
  "context" : "default"
}
{
  "timestamp" : "2021-03-24T22:04:48",
  "level" : "INFO",
  "thread" : "http-nio-8090-exec-4",
  "logger" : "com.kakaobank.out.outlog.OutLog",
  "message" : "{\"bizout\":{\"isSucc\":false},\"biz\":{\"outputData\":\"OUTDATA\",\"inputData\":\"INDATA\",\"service\":\"testService\"},\"common\":{\"responseType\":\"ER\",\"requestType\":\"R\",\"guid\":\"2021-4wpkcbiuhyi\",\"trxDatetim\":\"2021-03-24 22:04:48\"}}",
  "context" : "default"
}
{
  "timestamp" : "2021-03-24T22:04:48",
  "level" : "INFO",
  "thread" : "http-nio-8090-exec-5",
  "logger" : "com.kakaobank.out.outlog.OutLog",
  "message" : "{\"bizout\":{\"isSucc\":false},\"biz\":{\"outputData\":\"OUTDATA\",\"inputData\":\"INDATA\",\"service\":\"testService\"},\"common\":{\"responseType\":\"ER\",\"requestType\":\"R\",\"guid\":\"2021-4rcswzwfs64\",\"trxDatetim\":\"2021-03-24 22:04:48\"}}",
  "context" : "default"
}
{
  "timestamp" : "2021-03-24T22:04:49",
  "level" : "INFO",
  "thread" : "http-nio-8090-exec-6",
  "logger" : "com.kakaobank.out.outlog.OutLog",
  "message" : "{\"bizout\":{\"bizOutData\":[{\"rLong\":-4589606432470282399,\"rInt\":-631210512,\"rStr\":\"dHII7RztDs\",\"rBoolean\":true}],\"isSucc\":true},\"biz\":{\"outputData\":\"OUTDATA\",\"inputData\":\"INDATA\",\"service\":\"testService\"},\"common\":{\"responseType\":\"NM\",\"requestType\":\"R\",\"guid\":\"2021-eweyz763s3u\",\"trxDatetim\":\"2021-03-24 22:04:49\"}}",
  "context" : "default"
}
{
  "timestamp" : "2021-03-24T22:04:49",
  "level" : "INFO",
  "thread" : "http-nio-8090-exec-7",
  "logger" : "com.kakaobank.out.outlog.OutLog",
  "message" : "{\"bizout\":{\"isSucc\":false},\"biz\":{\"outputData\":\"OUTDATA\",\"inputData\":\"INDATA\",\"service\":\"testService\"},\"common\":{\"responseType\":\"ER\",\"requestType\":\"R\",\"guid\":\"2021-r0q3ysieikb\",\"trxDatetim\":\"2021-03-24 22:04:49\"}}",
  "context" : "default"
}
{
  "timestamp" : "2021-03-24T22:04:50",
  "level" : "INFO",
  "thread" : "http-nio-8090-exec-8",
  "logger" : "com.kakaobank.out.outlog.OutLog",
  "message" : "{\"bizout\":{\"bizOutData\":[{\"rLong\":7041118282731482112,\"rInt\":1721133252,\"rStr\":\"fI9FVnkGhZ\",\"rBoolean\":true},{\"rLong\":5930438844216956378,\"rInt\":2019193180,\"rStr\":\"fI9FVnkGhZ\",\"rBoolean\":true}],\"isSucc\":true},\"biz\":{\"outputData\":\"OUTDATA\",\"inputData\":\"INDATA\",\"service\":\"testService\"},\"common\":{\"responseType\":\"NM\",\"requestType\":\"R\",\"guid\":\"2021-5nz9nwqb1y6\",\"trxDatetim\":\"2021-03-24 22:04:50\"}}",
  "context" : "default"
}
{
  "timestamp" : "2021-03-24T22:04:50",
  "level" : "INFO",
  "thread" : "http-nio-8090-exec-9",
  "logger" : "com.kakaobank.out.outlog.OutLog",
  "message" : "{\"bizout\":{\"bizOutData\":[{\"rLong\":6952335677657796063,\"rInt\":-1792233617,\"rStr\":\"ZpwJ7AnkQ2\",\"rBoolean\":true}],\"isSucc\":true},\"biz\":{\"outputData\":\"OUTDATA\",\"inputData\":\"INDATA\",\"service\":\"testService\"},\"common\":{\"responseType\":\"NM\",\"requestType\":\"R\",\"guid\":\"2021-u4j8jk7xcr\",\"trxDatetim\":\"2021-03-24 22:04:50\"}}",
  "context" : "default"
}
{
  "timestamp" : "2021-03-24T22:04:50",
  "level" : "INFO",
  "thread" : "http-nio-8090-exec-10",
  "logger" : "com.kakaobank.out.outlog.OutLog",
  "message" : "{\"bizout\":{\"isSucc\":false},\"biz\":{\"outputData\":\"OUTDATA\",\"inputData\":\"INDATA\",\"service\":\"testService\"},\"common\":{\"responseType\":\"ER\",\"requestType\":\"R\",\"guid\":\"2021-n355dj9gh9\",\"trxDatetim\":\"2021-03-24 22:04:50\"}}",
  "context" : "default"
}
{
  "timestamp" : "2021-03-24T22:04:51",
  "level" : "INFO",
  "thread" : "http-nio-8090-exec-1",
  "logger" : "com.kakaobank.out.outlog.OutLog",
  "message" : "{\"bizout\":{\"bizOutData\":[{\"rLong\":-9100272527457648975,\"rInt\":-764364368,\"rStr\":\"6LLMkQtUOi\",\"rBoolean\":true},{\"rLong\":-7741996794962918567,\"rInt\":-1878527330,\"rStr\":\"6LLMkQtUOi\",\"rBoolean\":true}],\"isSucc\":true},\"biz\":{\"outputData\":\"OUTDATA\",\"inputData\":\"INDATA\",\"service\":\"testService\"},\"common\":{\"responseType\":\"NM\",\"requestType\":\"R\",\"guid\":\"2021-48vd52ea21j\",\"trxDatetim\":\"2021-03-24 22:04:51\"}}",
  "context" : "default"
}
{
  "timestamp" : "2021-03-24T22:04:51",
  "level" : "INFO",
  "thread" : "http-nio-8090-exec-2",
  "logger" : "com.kakaobank.out.outlog.OutLog",
  "message" : "{\"bizout\":{\"bizOutData\":[{\"rLong\":-4724114186658665870,\"rInt\":-200585353,\"rStr\":\"0mNWg6tAXR\",\"rBoolean\":false}],\"isSucc\":true},\"biz\":{\"outputData\":\"OUTDATA\",\"inputData\":\"INDATA\",\"service\":\"testService\"},\"common\":{\"responseType\":\"NM\",\"requestType\":\"R\",\"guid\":\"2021-dnaepabxb77\",\"trxDatetim\":\"2021-03-24 22:04:51\"}}",
  "context" : "default"
}
{
  "timestamp" : "2021-03-24T22:04:51",
  "level" : "INFO",
  "thread" : "http-nio-8090-exec-3",
  "logger" : "com.kakaobank.out.outlog.OutLog",
  "message" : "{\"bizout\":{\"isSucc\":false},\"biz\":{\"outputData\":\"OUTDATA\",\"inputData\":\"INDATA\",\"service\":\"testService\"},\"common\":{\"responseType\":\"ER\",\"requestType\":\"R\",\"guid\":\"2021-ytyv9nihdkl\",\"trxDatetim\":\"2021-03-24 22:04:51\"}}",
  "context" : "default"
}
{
  "timestamp" : "2021-03-24T22:04:51",
  "level" : "INFO",
  "thread" : "http-nio-8090-exec-4",
  "logger" : "com.kakaobank.out.outlog.OutLog",
  "message" : "{\"bizout\":{\"bizOutData\":[{\"rLong\":-8419082538416090267,\"rInt\":-188594165,\"rStr\":\"4Ry6ltstrE\",\"rBoolean\":false},{\"rLong\":-7679316184354688600,\"rInt\":127943108,\"rStr\":\"4Ry6ltstrE\",\"rBoolean\":true}],\"isSucc\":true},\"biz\":{\"outputData\":\"OUTDATA\",\"inputData\":\"INDATA\",\"service\":\"testService\"},\"common\":{\"responseType\":\"NM\",\"requestType\":\"R\",\"guid\":\"2021-tg5rq0cwju\",\"trxDatetim\":\"2021-03-24 22:04:51\"}}",
  "context" : "default"
}
{
  "timestamp" : "2021-03-24T22:04:52",
  "level" : "INFO",
  "thread" : "http-nio-8090-exec-5",
  "logger" : "com.kakaobank.out.outlog.OutLog",
  "message" : "{\"bizout\":{\"isSucc\":false},\"biz\":{\"outputData\":\"OUTDATA\",\"inputData\":\"INDATA\",\"service\":\"testService\"},\"common\":{\"responseType\":\"ER\",\"requestType\":\"R\",\"guid\":\"2021-i8itl77g5n\",\"trxDatetim\":\"2021-03-24 22:04:52\"}}",
  "context" : "default"
}
{
  "timestamp" : "2021-03-24T22:04:52",
  "level" : "INFO",
  "thread" : "http-nio-8090-exec-6",
  "logger" : "com.kakaobank.out.outlog.OutLog",
  "message" : "{\"bizout\":{\"isSucc\":false},\"biz\":{\"outputData\":\"OUTDATA\",\"inputData\":\"INDATA\",\"service\":\"testService\"},\"common\":{\"responseType\":\"ER\",\"requestType\":\"R\",\"guid\":\"2021-6by6p5h6zsi\",\"trxDatetim\":\"2021-03-24 22:04:52\"}}",
  "context" : "default"
}
